#
# A fatal error has been detected by the Java Runtime Environment:
#
#  SIGSEGV (0xb) at pc=0x00007f4d23d520ad, pid=25681, tid=25697
#
# JRE version: OpenJDK Runtime Environment (11.0.10+9) (build 11.0.10+9-Ubuntu-0ubuntu1.20.04)
# Java VM: OpenJDK 64-Bit Server VM (11.0.10+9-Ubuntu-0ubuntu1.20.04, mixed mode, sharing, tiered, compressed oops, g1 gc, linux-amd64)
# Problematic frame:
# C  [libjimage.so+0x30ad]
#
# Core dump will be written. Default location: Core dumps may be processed with "/usr/share/apport/apport %p %s %c %d %P %E" (or dumping to /home/etudiant/git/Chess/XIangqi/core.25681)
#
# If you would like to submit a bug report, please visit:
#   https://bugs.launchpad.net/ubuntu/+source/openjdk-lts
#

---------------  S U M M A R Y ------------

Command Line: -agentlib:jdwp=transport=dt_socket,suspend=y,address=localhost:43537 -javaagent:/home/etudiant/.eclipse/360744286_linux_gtk_x86_64/configuration/org.eclipse.osgi/222/0/.cp/lib/javaagent-shaded.jar -Dfile.encoding=UTF-8 test.TestGame

Host: Intel(R) Core(TM) i3-6100U CPU @ 2.30GHz, 4 cores, 3G, Ubuntu 20.04.2 LTS
Time: Fri Apr 30 16:17:42 2021 CEST elapsed time: 13256.164303 seconds (0d 3h 40m 56s)

---------------  T H R E A D  ---------------

Current thread (0x00007f4d1c12e000):  JavaThread "Signal Dispatcher" daemon [_thread_in_vm, id=25697, stack(0x00007f4d0458e000,0x00007f4d0468f000)]

Stack: [0x00007f4d0458e000,0x00007f4d0468f000],  sp=0x00007f4d0468c1f0,  free space=1016k
Native frames: (J=compiled Java code, A=aot compiled Java code, j=interpreted, Vv=VM code, C=native code)
C  [libjimage.so+0x30ad]
C  [libjimage.so+0x3da2]
C  [libjimage.so+0x42b1]  JIMAGE_FindResource+0xf1
V  [libjvm.so+0x5af401]
V  [libjvm.so+0x5b1bb1]
V  [libjvm.so+0xde46ed]
V  [libjvm.so+0xde327a]
V  [libjvm.so+0xde583b]
V  [libjvm.so+0x66111e]
V  [libjvm.so+0x84ee46]
j  jdk.internal.misc.Signal.dispatch(I)V+25 java.base@11.0.10
v  ~StubRoutines::call_stub
V  [libjvm.so+0x857b39]
V  [libjvm.so+0x856b52]
V  [libjvm.so+0xbc368e]
V  [libjvm.so+0xe1b50f]
V  [libjvm.so+0xe17b40]
V  [libjvm.so+0xbd5436]

Java frames: (J=compiled Java code, j=interpreted, Vv=VM code)
j  jdk.internal.misc.Signal.dispatch(I)V+25 java.base@11.0.10
v  ~StubRoutines::call_stub

siginfo: si_signo: 11 (SIGSEGV), si_code: 1 (SEGV_MAPERR), si_addr: 0x00007f4d138b1768

Register to memory mapping:

RAX=0x00000000000081d3 is an unknown value
RBX=0x00007f4d0468c2a1 is pointing into the stack for thread: 0x00007f4d1c12e000
RCX=0x00007f4d0468c2c3 is pointing into the stack for thread: 0x00007f4d1c12e000
RDX=0x00000000000081d3 is an unknown value
RSP=0x00007f4d0468c1f0 is pointing into the stack for thread: 0x00007f4d1c12e000
RBP=0x00007f4d0468c210 is pointing into the stack for thread: 0x00007f4d1c12e000
RSI=0x0 is NULL
RDI=0x00007f4d23d57030: <offset 0x0000000000008030> in /usr/lib/jvm/java-11-openjdk-amd64/lib/libjimage.so at 0x00007f4d23d4f000
R8 =0x00007f4d1389101c is an unknown value
R9 =0x00007f4d1c12f760 points into unknown readable memory: 0x0000000000000002 | 02 00 00 00 00 00 00 00
R10=0x00007f4d2511d400: <offset 0x0000000000f40400> in /usr/lib/jvm/java-11-openjdk-amd64/lib/server/libjvm.so at 0x00007f4d241dd000
R11=0x00007f4d0468d418 is pointing into the stack for thread: 0x00007f4d1c12e000
R12=0x0000000000008424 is an unknown value
R13=0x00007f4d0468c2a0 is pointing into the stack for thread: 0x00007f4d1c12e000
R14=0x0 is NULL
R15=0x00007f4d1c12e630 points into unknown readable memory: 0x65746e692f6b646a | 6a 64 6b 2f 69 6e 74 65


Registers:
RAX=0x00000000000081d3, RBX=0x00007f4d0468c2a1, RCX=0x00007f4d0468c2c3, RDX=0x00000000000081d3
RSP=0x00007f4d0468c1f0, RBP=0x00007f4d0468c210, RSI=0x0000000000000000, RDI=0x00007f4d23d57030
R8 =0x00007f4d1389101c, R9 =0x00007f4d1c12f760, R10=0x00007f4d2511d400, R11=0x00007f4d0468d418
R12=0x0000000000008424, R13=0x00007f4d0468c2a0, R14=0x0000000000000000, R15=0x00007f4d1c12e630
RIP=0x00007f4d23d520ad, EFLAGS=0x0000000000010246, CSGSFS=0x002b000000000033, ERR=0x0000000000000004
  TRAPNO=0x000000000000000e

Top of Stack: (sp=0x00007f4d0468c1f0)
0x00007f4d0468c1f0:   0000000000000000 00007f4d0468d338
0x00007f4d0468c200:   00007f4d1c00a030 00007f4d0468c2a0
0x00007f4d0468c210:   00007f4d0468c280 00007f4d23d52da2
0x00007f4d0468c220:   0000000000000000 0000000000000000 

Instructions: (pc=0x00007f4d23d520ad)
0x00007f4d23d51fad:   f3 ff ff 44 03 65 90 e9 3f fe ff ff 0f 1f 80 00
0x00007f4d23d51fbd:   00 00 00 41 8b 10 41 89 55 00 41 8b 54 00 fc 41
0x00007f4d23d51fcd:   89 54 05 fc e9 82 fc ff ff 66 2e 0f 1f 84 00 00
0x00007f4d23d51fdd:   00 00 00 b9 0a 00 00 00 e9 f0 fc ff ff 41 0f b7
0x00007f4d23d51fed:   54 00 fe 66 41 89 54 05 fe e9 5d fc ff ff 0f 1f
0x00007f4d23d51ffd:   44 00 00 f3 0f 1e fa 0f b6 17 89 f0 89 f1 4c 8d
0x00007f4d23d5200d:   47 01 84 d2 74 1c 0f 1f 44 00 00 69 c9 93 01 00
0x00007f4d23d5201d:   01 49 83 c0 01 31 d1 41 0f b6 50 ff 84 d2 75 eb
0x00007f4d23d5202d:   89 c8 25 ff ff ff 7f c3 90 66 2e 0f 1f 84 00 00
0x00007f4d23d5203d:   00 00 00 f3 0f 1e fa 48 85 d2 0f 84 da 00 00 00
0x00007f4d23d5204d:   55 48 89 e5 41 55 41 54 41 89 cc 53 48 83 ec 08
0x00007f4d23d5205d:   85 c9 0f 84 ba 00 00 00 49 89 f5 48 8d 5e 01 0f
0x00007f4d23d5206d:   b6 36 49 89 d0 40 84 f6 0f 84 9d 00 00 00 48 89
0x00007f4d23d5207d:   d9 b8 93 01 00 01 0f 1f 44 00 00 69 d0 93 01 00
0x00007f4d23d5208d:   01 48 83 c1 01 40 0f b6 c6 0f b6 71 ff 31 d0 40
0x00007f4d23d5209d:   84 f6 75 e7 25 ff ff ff 7f 31 d2 41 f7 f4 89 d0
0x00007f4d23d520ad:   41 8b 34 80 48 8b 07 ff 50 20 85 c0 7f 15 74 62
0x00007f4d23d520bd:   f7 d0 41 89 c0 48 83 c4 08 44 89 c0 5b 41 5c 41
0x00007f4d23d520cd:   5d 5d c3 41 0f b6 4d 00 89 c6 84 c9 74 1b 0f 1f
0x00007f4d23d520dd:   44 00 00 69 f6 93 01 00 01 48 83 c3 01 31 ce 0f
0x00007f4d23d520ed:   b6 4b ff 84 c9 75 ec 89 f0 25 ff ff ff 7f 31 d2
0x00007f4d23d520fd:   48 83 c4 08 41 f7 f4 5b 41 5c 41 5d 5d 41 89 d0
0x00007f4d23d5210d:   44 89 c0 c3 0f 1f 80 00 00 00 00 b8 93 01 00 01
0x00007f4d23d5211d:   eb 87 41 b8 ff ff ff ff eb 9b 41 83 c8 ff 44 89
0x00007f4d23d5212d:   c0 c3 90 f3 0f 1e fa eb 1d 66 2e 0f 1f 84 00 00
0x00007f4d23d5213d:   00 00 00 0f b6 16 84 d2 74 13 38 c2 75 15 48 83
0x00007f4d23d5214d:   c7 01 48 83 c6 01 0f b6 07 84 c0 75 e6 48 89 f8
0x00007f4d23d5215d:   c3 66 90 31 c0 c3 90 66 66 2e 0f 1f 84 00 00 00
0x00007f4d23d5216d:   00 00 90 f3 0f 1e fa 48 85 f6 74 51 0f b6 06 84
0x00007f4d23d5217d:   c0 74 4a 0f b6 d0 83 e0 07 c1 fa 03 44 8d 50 01
0x00007f4d23d5218d:   0f b6 c0 41 89 d1 4c 8d 44 06 02 48 8d 56 01 31
0x00007f4d23d5219d:   c0 66 90 0f b6 0a 48 c1 e0 08 48 83 c2 01 48 09 


Stack slot to memory mapping:
stack at sp + 0 slots: 0x0 is NULL
stack at sp + 1 slots: 0x00007f4d0468d338 is pointing into the stack for thread: 0x00007f4d1c12e000
stack at sp + 2 slots: 0x00007f4d1c00a030 points into unknown readable memory: 0x00007f4cc0023cc0 | c0 3c 02 c0 4c 7f 00 00
stack at sp + 3 slots: 0x00007f4d0468c2a0 is pointing into the stack for thread: 0x00007f4d1c12e000
stack at sp + 4 slots: 0x00007f4d0468c280 is pointing into the stack for thread: 0x00007f4d1c12e000
stack at sp + 5 slots: 0x00007f4d23d52da2: <offset 0x0000000000003da2> in /usr/lib/jvm/java-11-openjdk-amd64/lib/libjimage.so at 0x00007f4d23d4f000
stack at sp + 6 slots: 0x0 is NULL
stack at sp + 7 slots: 0x0 is NULL


---------------  P R O C E S S  ---------------

Threads class SMR info:
_java_thread_list=0x00007f4cb8003980, length=13, elements={
0x00007f4d1c018000, 0x00007f4d1c126800, 0x00007f4d1c128800, 0x00007f4d1c12e000,
0x00007f4d1c130000, 0x00007f4d1c132000, 0x00007f4d1c134000, 0x00007f4d1c136000,
0x00007f4d1c174000, 0x00007f4d1c1bc800, 0x00007f4d1c1c9000, 0x00007f4d1c39a800,
0x00007f4d1c39c800
}

Java Threads: ( => current thread )
  0x00007f4d1c018000 JavaThread "main" [_thread_blocked, id=25686, stack(0x00007f4d23d91000,0x00007f4d23e92000)]
  0x00007f4d1c126800 JavaThread "Reference Handler" daemon [_thread_blocked, id=25695, stack(0x00007f4d04790000,0x00007f4d04891000)]
  0x00007f4d1c128800 JavaThread "Finalizer" daemon [_thread_blocked, id=25696, stack(0x00007f4d0468f000,0x00007f4d04790000)]
=>0x00007f4d1c12e000 JavaThread "Signal Dispatcher" daemon [_thread_in_vm, id=25697, stack(0x00007f4d0458e000,0x00007f4d0468f000)]
  0x00007f4d1c130000 JavaThread "Service Thread" daemon [_thread_blocked, id=25698, stack(0x00007f4d0448d000,0x00007f4d0458e000)]
  0x00007f4d1c132000 JavaThread "C2 CompilerThread0" daemon [_thread_blocked, id=25699, stack(0x00007f4d0438c000,0x00007f4d0448d000)]
  0x00007f4d1c134000 JavaThread "C1 CompilerThread0" daemon [_thread_blocked, id=25700, stack(0x00007f4d0428b000,0x00007f4d0438c000)]
  0x00007f4d1c136000 JavaThread "Sweeper thread" daemon [_thread_blocked, id=25701, stack(0x00007f4d0418a000,0x00007f4d0428b000)]
  0x00007f4d1c174000 JavaThread "Common-Cleaner" daemon [_thread_blocked, id=25702, stack(0x00007f4d04089000,0x00007f4d0418a000)]
  0x00007f4d1c1bc800 JavaThread "JDWP Transport Listener: dt_socket" daemon [_thread_in_native, id=25704, stack(0x00007f4cf5712000,0x00007f4cf5813000)]
  0x00007f4d1c1c9000 JavaThread "JDWP Event Helper Thread" daemon [_thread_blocked, id=25707, stack(0x00007f4cf5611000,0x00007f4cf5712000)]
  0x00007f4d1c39a800 JavaThread "Java2D Disposer" daemon [_thread_blocked, id=25714, stack(0x00007f4cf444b000,0x00007f4cf454c000)]
  0x00007f4d1c39c800 JavaThread "AWT-XAWT" daemon [_thread_in_native, id=25715, stack(0x00007f4cf434a000,0x00007f4cf444b000)]

Other Threads:
  0x00007f4d1c123800 VMThread "VM Thread" [stack: 0x00007f4d2006f000,0x00007f4d2016f000] [id=25694]
  0x00007f4d1c25c800 WatcherThread [stack: 0x00007f4cf5410000,0x00007f4cf5510000] [id=25710]
  0x00007f4d1c030000 GCTaskThread "GC Thread#0" [stack: 0x00007f4d239f7000,0x00007f4d23af7000] [id=25689]
  0x00007f4cec001000 GCTaskThread "GC Thread#1" [stack: 0x00007f4cf424a000,0x00007f4cf434a000] [id=25716]
  0x00007f4d1c04a800 ConcurrentGCThread "G1 Main Marker" [stack: 0x00007f4d21157000,0x00007f4d21257000] [id=25690]
  0x00007f4d1c04c800 ConcurrentGCThread "G1 Conc#0" [stack: 0x00007f4d21055000,0x00007f4d21155000] [id=25691]
  0x00007f4d1c08e000 ConcurrentGCThread "G1 Refine#0" [stack: 0x00007f4d20b4f000,0x00007f4d20c4f000] [id=25692]
  0x00007f4d1c090000 ConcurrentGCThread "G1 Young RemSet Sampling" [stack: 0x00007f4d20a4d000,0x00007f4d20b4d000] [id=25693]

Threads with active compile tasks:

VM state:not at safepoint (normal execution)

VM Mutex/Monitor currently owned by a thread: None

Heap address: 0x00000000c4400000, size: 956 MB, Compressed Oops mode: 32-bit
Narrow klass base: 0x0000000800000000, Narrow klass shift: 3
Compressed class space size: 1073741824 Address: 0x0000000840000000

Heap:
 garbage-first heap   total 63488K, used 8002K [0x00000000c4400000, 0x0000000100000000)
  region size 1024K, 8 young (8192K), 2 survivors (2048K)
 Metaspace       used 9191K, capacity 9779K, committed 9856K, reserved 1058816K
  class space    used 1105K, capacity 1364K, committed 1408K, reserved 1048576K
Heap Regions: E=young(eden), S=young(survivor), O=old, HS=humongous(starts), HC=humongous(continues), CS=collection set, F=free, A=archive, TAMS=top-at-mark-start (previous, next)
|   0|0x00000000c4400000, 0x00000000c441e800, 0x00000000c4500000| 11%| O|  |TAMS 0x00000000c4400000, 0x00000000c4400000| Untracked 
|   1|0x00000000c4500000, 0x00000000c4500000, 0x00000000c4600000|  0%| F|  |TAMS 0x00000000c4500000, 0x00000000c4500000| Untracked 
|   2|0x00000000c4600000, 0x00000000c4600000, 0x00000000c4700000|  0%| F|  |TAMS 0x00000000c4600000, 0x00000000c4600000| Untracked 
|   3|0x00000000c4700000, 0x00000000c4700000, 0x00000000c4800000|  0%| F|  |TAMS 0x00000000c4700000, 0x00000000c4700000| Untracked 
|   4|0x00000000c4800000, 0x00000000c4800000, 0x00000000c4900000|  0%| F|  |TAMS 0x00000000c4800000, 0x00000000c4800000| Untracked 
|   5|0x00000000c4900000, 0x00000000c4900000, 0x00000000c4a00000|  0%| F|  |TAMS 0x00000000c4900000, 0x00000000c4900000| Untracked 
|   6|0x00000000c4a00000, 0x00000000c4a00000, 0x00000000c4b00000|  0%| F|  |TAMS 0x00000000c4a00000, 0x00000000c4a00000| Untracked 
|   7|0x00000000c4b00000, 0x00000000c4b00000, 0x00000000c4c00000|  0%| F|  |TAMS 0x00000000c4b00000, 0x00000000c4b00000| Untracked 
|   8|0x00000000c4c00000, 0x00000000c4c00000, 0x00000000c4d00000|  0%| F|  |TAMS 0x00000000c4c00000, 0x00000000c4c00000| Untracked 
|   9|0x00000000c4d00000, 0x00000000c4d00000, 0x00000000c4e00000|  0%| F|  |TAMS 0x00000000c4d00000, 0x00000000c4d00000| Untracked 
|  10|0x00000000c4e00000, 0x00000000c4e00000, 0x00000000c4f00000|  0%| F|  |TAMS 0x00000000c4e00000, 0x00000000c4e00000| Untracked 
|  11|0x00000000c4f00000, 0x00000000c4f00000, 0x00000000c5000000|  0%| F|  |TAMS 0x00000000c4f00000, 0x00000000c4f00000| Untracked 
|  12|0x00000000c5000000, 0x00000000c5000000, 0x00000000c5100000|  0%| F|  |TAMS 0x00000000c5000000, 0x00000000c5000000| Untracked 
|  13|0x00000000c5100000, 0x00000000c5100000, 0x00000000c5200000|  0%| F|  |TAMS 0x00000000c5100000, 0x00000000c5100000| Untracked 
|  14|0x00000000c5200000, 0x00000000c5200000, 0x00000000c5300000|  0%| F|  |TAMS 0x00000000c5200000, 0x00000000c5200000| Untracked 
|  15|0x00000000c5300000, 0x00000000c5300000, 0x00000000c5400000|  0%| F|  |TAMS 0x00000000c5300000, 0x00000000c5300000| Untracked 
|  16|0x00000000c5400000, 0x00000000c5400000, 0x00000000c5500000|  0%| F|  |TAMS 0x00000000c5400000, 0x00000000c5400000| Untracked 
|  17|0x00000000c5500000, 0x00000000c5500000, 0x00000000c5600000|  0%| F|  |TAMS 0x00000000c5500000, 0x00000000c5500000| Untracked 
|  18|0x00000000c5600000, 0x00000000c5600000, 0x00000000c5700000|  0%| F|  |TAMS 0x00000000c5600000, 0x00000000c5600000| Untracked 
|  19|0x00000000c5700000, 0x00000000c5700000, 0x00000000c5800000|  0%| F|  |TAMS 0x00000000c5700000, 0x00000000c5700000| Untracked 
|  20|0x00000000c5800000, 0x00000000c5800000, 0x00000000c5900000|  0%| F|  |TAMS 0x00000000c5800000, 0x00000000c5800000| Untracked 
|  21|0x00000000c5900000, 0x00000000c5900000, 0x00000000c5a00000|  0%| F|  |TAMS 0x00000000c5900000, 0x00000000c5900000| Untracked 
|  22|0x00000000c5a00000, 0x00000000c5a00000, 0x00000000c5b00000|  0%| F|  |TAMS 0x00000000c5a00000, 0x00000000c5a00000| Untracked 
|  23|0x00000000c5b00000, 0x00000000c5b00000, 0x00000000c5c00000|  0%| F|  |TAMS 0x00000000c5b00000, 0x00000000c5b00000| Untracked 
|  24|0x00000000c5c00000, 0x00000000c5c00000, 0x00000000c5d00000|  0%| F|  |TAMS 0x00000000c5c00000, 0x00000000c5c00000| Untracked 
|  25|0x00000000c5d00000, 0x00000000c5d00000, 0x00000000c5e00000|  0%| F|  |TAMS 0x00000000c5d00000, 0x00000000c5d00000| Untracked 
|  26|0x00000000c5e00000, 0x00000000c5e00000, 0x00000000c5f00000|  0%| F|  |TAMS 0x00000000c5e00000, 0x00000000c5e00000| Untracked 
|  27|0x00000000c5f00000, 0x00000000c5f00000, 0x00000000c6000000|  0%| F|  |TAMS 0x00000000c5f00000, 0x00000000c5f00000| Untracked 
|  28|0x00000000c6000000, 0x00000000c6000000, 0x00000000c6100000|  0%| F|  |TAMS 0x00000000c6000000, 0x00000000c6000000| Untracked 
|  29|0x00000000c6100000, 0x00000000c6100000, 0x00000000c6200000|  0%| F|  |TAMS 0x00000000c6100000, 0x00000000c6100000| Untracked 
|  30|0x00000000c6200000, 0x00000000c6200000, 0x00000000c6300000|  0%| F|  |TAMS 0x00000000c6200000, 0x00000000c6200000| Untracked 
|  31|0x00000000c6300000, 0x00000000c6300000, 0x00000000c6400000|  0%| F|  |TAMS 0x00000000c6300000, 0x00000000c6300000| Untracked 
|  32|0x00000000c6400000, 0x00000000c6400000, 0x00000000c6500000|  0%| F|  |TAMS 0x00000000c6400000, 0x00000000c6400000| Untracked 
|  33|0x00000000c6500000, 0x00000000c6500000, 0x00000000c6600000|  0%| F|  |TAMS 0x00000000c6500000, 0x00000000c6500000| Untracked 
|  34|0x00000000c6600000, 0x00000000c6600000, 0x00000000c6700000|  0%| F|  |TAMS 0x00000000c6600000, 0x00000000c6600000| Untracked 
|  35|0x00000000c6700000, 0x00000000c6700000, 0x00000000c6800000|  0%| F|  |TAMS 0x00000000c6700000, 0x00000000c6700000| Untracked 
|  36|0x00000000c6800000, 0x00000000c6800000, 0x00000000c6900000|  0%| F|  |TAMS 0x00000000c6800000, 0x00000000c6800000| Untracked 
|  37|0x00000000c6900000, 0x00000000c6900000, 0x00000000c6a00000|  0%| F|  |TAMS 0x00000000c6900000, 0x00000000c6900000| Untracked 
|  38|0x00000000c6a00000, 0x00000000c6a00000, 0x00000000c6b00000|  0%| F|  |TAMS 0x00000000c6a00000, 0x00000000c6a00000| Untracked 
|  39|0x00000000c6b00000, 0x00000000c6b00000, 0x00000000c6c00000|  0%| F|  |TAMS 0x00000000c6b00000, 0x00000000c6b00000| Untracked 
|  40|0x00000000c6c00000, 0x00000000c6c00000, 0x00000000c6d00000|  0%| F|  |TAMS 0x00000000c6c00000, 0x00000000c6c00000| Untracked 
|  41|0x00000000c6d00000, 0x00000000c6d00000, 0x00000000c6e00000|  0%| F|  |TAMS 0x00000000c6d00000, 0x00000000c6d00000| Untracked 
|  42|0x00000000c6e00000, 0x00000000c6e00000, 0x00000000c6f00000|  0%| F|  |TAMS 0x00000000c6e00000, 0x00000000c6e00000| Untracked 
|  43|0x00000000c6f00000, 0x00000000c6f00000, 0x00000000c7000000|  0%| F|  |TAMS 0x00000000c6f00000, 0x00000000c6f00000| Untracked 
|  44|0x00000000c7000000, 0x00000000c7100000, 0x00000000c7100000|100%| S|CS|TAMS 0x00000000c7000000, 0x00000000c7000000| Complete 
|  45|0x00000000c7100000, 0x00000000c7200000, 0x00000000c7200000|100%| S|CS|TAMS 0x00000000c7100000, 0x00000000c7100000| Complete 
|  46|0x00000000c7200000, 0x00000000c7200000, 0x00000000c7300000|  0%| F|  |TAMS 0x00000000c7200000, 0x00000000c7200000| Untracked 
|  47|0x00000000c7300000, 0x00000000c7300000, 0x00000000c7400000|  0%| F|  |TAMS 0x00000000c7300000, 0x00000000c7300000| Untracked 
|  48|0x00000000c7400000, 0x00000000c7400000, 0x00000000c7500000|  0%| F|  |TAMS 0x00000000c7400000, 0x00000000c7400000| Untracked 
|  49|0x00000000c7500000, 0x00000000c7500000, 0x00000000c7600000|  0%| F|  |TAMS 0x00000000c7500000, 0x00000000c7500000| Untracked 
|  50|0x00000000c7600000, 0x00000000c7600000, 0x00000000c7700000|  0%| F|  |TAMS 0x00000000c7600000, 0x00000000c7600000| Untracked 
|  51|0x00000000c7700000, 0x00000000c7700000, 0x00000000c7800000|  0%| F|  |TAMS 0x00000000c7700000, 0x00000000c7700000| Untracked 
|  52|0x00000000c7800000, 0x00000000c7800000, 0x00000000c7900000|  0%| F|  |TAMS 0x00000000c7800000, 0x00000000c7800000| Untracked 
|  53|0x00000000c7900000, 0x00000000c7900000, 0x00000000c7a00000|  0%| F|  |TAMS 0x00000000c7900000, 0x00000000c7900000| Untracked 
|  54|0x00000000c7a00000, 0x00000000c7b00000, 0x00000000c7b00000|100%| E|  |TAMS 0x00000000c7a00000, 0x00000000c7a00000| Complete 
|  55|0x00000000c7b00000, 0x00000000c7c00000, 0x00000000c7c00000|100%| E|CS|TAMS 0x00000000c7b00000, 0x00000000c7b00000| Complete 
|  56|0x00000000c7c00000, 0x00000000c7d00000, 0x00000000c7d00000|100%| E|CS|TAMS 0x00000000c7c00000, 0x00000000c7c00000| Complete 
|  57|0x00000000c7d00000, 0x00000000c7e00000, 0x00000000c7e00000|100%| E|CS|TAMS 0x00000000c7d00000, 0x00000000c7d00000| Complete 
|  58|0x00000000c7e00000, 0x00000000c7f00000, 0x00000000c7f00000|100%| E|CS|TAMS 0x00000000c7e00000, 0x00000000c7e00000| Complete 
|  59|0x00000000c7f00000, 0x00000000c8000000, 0x00000000c8000000|100%| E|CS|TAMS 0x00000000c7f00000, 0x00000000c7f00000| Complete 
| 954|0x00000000ffe00000, 0x00000000ffe47000, 0x00000000fff00000| 27%|OA|  |TAMS 0x00000000ffe00000, 0x00000000ffe00000| Untracked 
| 955|0x00000000fff00000, 0x00000000fff6b000, 0x0000000100000000| 41%|CA|  |TAMS 0x00000000fff00000, 0x00000000fff00000| Untracked 

Card table byte_map: [0x00007f4d23235000,0x00007f4d23413000] _byte_map_base: 0x00007f4d22c13000

Marking Bits (Prev, Next): (CMBitMap*) 0x00007f4d1c045c98, (CMBitMap*) 0x00007f4d1c045cd0
 Prev Bits: [0x00007f4d22167000, 0x00007f4d23057000)
 Next Bits: [0x00007f4d21277000, 0x00007f4d22167000)

Polling page: 0x00007f4d23d4d000

Metaspace:

Usage:
  Non-class:      8,22 MB capacity,     7,90 MB ( 96%) used,   268,74 KB (  3%) free+waste,    59,81 KB ( <1%) overhead. 
      Class:      1,33 MB capacity,     1,08 MB ( 81%) used,   225,14 KB ( 17%) free+waste,    33,69 KB (  2%) overhead. 
       Both:      9,55 MB capacity,     8,98 MB ( 94%) used,   493,88 KB (  5%) free+waste,    93,50 KB ( <1%) overhead. 

Virtual space:
  Non-class space:       10,00 MB reserved,       8,25 MB ( 82%) committed 
      Class space:        1,00 GB reserved,       1,38 MB ( <1%) committed 
             Both:        1,01 GB reserved,       9,62 MB ( <1%) committed 

Chunk freelists:
   Non-Class:  1,00 KB
       Class:  0 bytes
        Both:  1,00 KB

MaxMetaspaceSize: unlimited
CompressedClassSpaceSize: 1,00 GB

CodeHeap 'non-profiled nmethods': size=120032Kb used=335Kb max_used=335Kb free=119696Kb
 bounds [0x00007f4d0c359000, 0x00007f4d0c5c9000, 0x00007f4d13891000]
CodeHeap 'profiled nmethods': size=120032Kb used=1556Kb max_used=1556Kb free=118475Kb
 bounds [0x00007f4d04e21000, 0x00007f4d05091000, 0x00007f4d0c359000]
CodeHeap 'non-nmethods': size=5696Kb used=1283Kb max_used=1283Kb free=4412Kb
 bounds [0x00007f4d04891000, 0x00007f4d04b01000, 0x00007f4d04e21000]
 total_blobs=1593 nmethods=994 adapters=520
 compilation: enabled
              stopped_count=0, restarted_count=0
 full_count=0

Compilation events (20 events):
Event: 5701,087 Thread 0x00007f4d1c134000  946   !   3       jdk.internal.ref.PhantomCleanable::isListEmpty (34 bytes)
Event: 5701,088 Thread 0x00007f4d1c134000 nmethod 946 0x00007f4d04fa2910 code [0x00007f4d04fa2ae0, 0x00007f4d04fa2e30]
Event: 5701,088 Thread 0x00007f4d1c134000  947       3       jdk.internal.misc.InnocuousThread::eraseThreadLocals (23 bytes)
Event: 5701,088 Thread 0x00007f4d1c134000 nmethod 947 0x00007f4d04fa2f90 code [0x00007f4d04fa3140, 0x00007f4d04fa3330]
Event: 11650,416 Thread 0x00007f4d1c134000  948       3       org.eclipse.jdt.launching.internal.org.objectweb.asm.SymbolTable::hash (15 bytes)
Event: 11650,417 Thread 0x00007f4d1c134000 nmethod 948 0x00007f4d04fa3410 code [0x00007f4d04fa35e0, 0x00007f4d04fa3750]
Event: 11650,417 Thread 0x00007f4d1c134000  949       3       org.eclipse.jdt.launching.internal.org.objectweb.asm.MethodWriter::visitMethodInsn (191 bytes)
Event: 11650,418 Thread 0x00007f4d1c134000 nmethod 949 0x00007f4d04fa3890 code [0x00007f4d04fa3ae0, 0x00007f4d04fa43c0]
Event: 11650,418 Thread 0x00007f4d1c134000  951       3       org.eclipse.jdt.launching.internal.org.objectweb.asm.ByteVector::putInt (74 bytes)
Event: 11650,418 Thread 0x00007f4d1c134000 nmethod 951 0x00007f4d04fa4790 code [0x00007f4d04fa4960, 0x00007f4d04fa4be0]
Event: 11650,418 Thread 0x00007f4d1c134000  950       3       org.eclipse.jdt.launching.internal.org.objectweb.asm.SymbolTable::addConstantMethodref (24 bytes)
Event: 11650,418 Thread 0x00007f4d1c134000 nmethod 950 0x00007f4d04fa4d90 code [0x00007f4d04fa4f40, 0x00007f4d04fa5120]
Event: 11839,411 Thread 0x00007f4d1c134000  952       3       org.eclipse.jdt.launching.internal.org.objectweb.asm.SymbolTable$Entry::<init> (18 bytes)
Event: 11839,411 Thread 0x00007f4d1c134000 nmethod 952 0x00007f4d04fa5210 code [0x00007f4d04fa53c0, 0x00007f4d04fa5560]
Event: 12425,853 Thread 0x00007f4d1c132000  953       4       java.lang.StringUTF16::compress (50 bytes)
Event: 12425,854 Thread 0x00007f4d1c134000  954       3       org.eclipse.jdt.launching.internal.org.objectweb.asm.MethodWriter::visitInsn (115 bytes)
Event: 12425,855 Thread 0x00007f4d1c134000 nmethod 954 0x00007f4d04fa5610 code [0x00007f4d04fa5800, 0x00007f4d04fa5ca0]
Event: 12425,855 Thread 0x00007f4d1c134000  955       3       org.eclipse.jdt.launching.internal.org.objectweb.asm.Handler::getExceptionTableLength (21 bytes)
Event: 12425,855 Thread 0x00007f4d1c134000 nmethod 955 0x00007f4d04fa5e10 code [0x00007f4d04fa5fc0, 0x00007f4d04fa6150]
Event: 12425,863 Thread 0x00007f4d1c132000 nmethod 953 0x00007f4d0c3a7990 code [0x00007f4d0c3a7b20, 0x00007f4d0c3a7fb8]

GC Heap History (2 events):
Event: 1,033 GC heap before
{Heap before GC invocations=0 (full 0):
 garbage-first heap   total 63488K, used 15048K [0x00000000c4400000, 0x0000000100000000)
  region size 1024K, 14 young (14336K), 0 survivors (0K)
 Metaspace       used 8619K, capacity 8992K, committed 9088K, reserved 1056768K
  class space    used 967K, capacity 1138K, committed 1152K, reserved 1048576K
}
Event: 1,053 GC heap after
{Heap after GC invocations=1 (full 0):
 garbage-first heap   total 63488K, used 2882K [0x00000000c4400000, 0x0000000100000000)
  region size 1024K, 2 young (2048K), 2 survivors (2048K)
 Metaspace       used 8619K, capacity 8992K, committed 9088K, reserved 1056768K
  class space    used 967K, capacity 1138K, committed 1152K, reserved 1048576K
}

Deoptimization events (20 events):
Event: 0,479 Thread 0x00007f4d1c018000 DEOPT PACKING pc=0x00007f4d04e96a1f sp=0x00007f4d23e8c4b0
Event: 0,479 Thread 0x00007f4d1c018000 DEOPT UNPACKING pc=0x00007f4d048c853a sp=0x00007f4d23e8b998 mode 0
Event: 0,479 Thread 0x00007f4d1c018000 DEOPT PACKING pc=0x00007f4d04e96a1f sp=0x00007f4d23e8c4b0
Event: 0,479 Thread 0x00007f4d1c018000 DEOPT UNPACKING pc=0x00007f4d048c853a sp=0x00007f4d23e8b998 mode 0
Event: 0,480 Thread 0x00007f4d1c018000 DEOPT PACKING pc=0x00007f4d04e96a1f sp=0x00007f4d23e8c4b0
Event: 0,480 Thread 0x00007f4d1c018000 DEOPT UNPACKING pc=0x00007f4d048c853a sp=0x00007f4d23e8b998 mode 0
Event: 0,480 Thread 0x00007f4d1c018000 DEOPT PACKING pc=0x00007f4d04e96a1f sp=0x00007f4d23e8c4b0
Event: 0,480 Thread 0x00007f4d1c018000 DEOPT UNPACKING pc=0x00007f4d048c853a sp=0x00007f4d23e8b998 mode 0
Event: 0,485 Thread 0x00007f4d1c018000 DEOPT PACKING pc=0x00007f4d04e96a1f sp=0x00007f4d23e8d640
Event: 0,485 Thread 0x00007f4d1c018000 DEOPT UNPACKING pc=0x00007f4d048c853a sp=0x00007f4d23e8cb28 mode 0
Event: 0,486 Thread 0x00007f4d1c018000 DEOPT PACKING pc=0x00007f4d04e96a1f sp=0x00007f4d23e8d640
Event: 0,486 Thread 0x00007f4d1c018000 DEOPT UNPACKING pc=0x00007f4d048c853a sp=0x00007f4d23e8cb28 mode 0
Event: 0,490 Thread 0x00007f4d1c018000 DEOPT PACKING pc=0x00007f4d04e96a1f sp=0x00007f4d23e8d5c0
Event: 0,490 Thread 0x00007f4d1c018000 DEOPT UNPACKING pc=0x00007f4d048c853a sp=0x00007f4d23e8caa8 mode 0
Event: 0,491 Thread 0x00007f4d1c018000 DEOPT PACKING pc=0x00007f4d04e96a1f sp=0x00007f4d23e8d5c0
Event: 0,491 Thread 0x00007f4d1c018000 DEOPT UNPACKING pc=0x00007f4d048c853a sp=0x00007f4d23e8caa8 mode 0
Event: 0,493 Thread 0x00007f4d1c018000 DEOPT PACKING pc=0x00007f4d04e96a1f sp=0x00007f4d23e8d690
Event: 0,493 Thread 0x00007f4d1c018000 DEOPT UNPACKING pc=0x00007f4d048c853a sp=0x00007f4d23e8cb78 mode 0
Event: 0,545 Thread 0x00007f4d1c018000 DEOPT PACKING pc=0x00007f4d04e70115 sp=0x00007f4d23e8e390
Event: 0,545 Thread 0x00007f4d1c018000 DEOPT UNPACKING pc=0x00007f4d048c853a sp=0x00007f4d23e8d848 mode 0

Classes redefined (5 events):
Event: 436,753 Thread 0x00007f4d1c123800 redefined class name=gui.GameGUI, count=1
Event: 1184,428 Thread 0x00007f4d1c123800 redefined class name=gui.GameGUI, count=2
Event: 11650,434 Thread 0x00007f4d1c123800 redefined class name=gui.GameGUI, count=3
Event: 11839,415 Thread 0x00007f4d1c123800 redefined class name=gui.GameGUI, count=4
Event: 12425,948 Thread 0x00007f4d1c123800 redefined class name=gui.GameGUI, count=5

Internal exceptions (20 events):
Event: 0,850 Thread 0x00007f4d1c018000 Exception <a 'java/lang/NoSuchMethodError'{0x00000000c7403b98}: 'java.lang.Object java.lang.invoke.DirectMethodHandle$Holder.invokeSpecial(java.lang.Object, java.lang.Object, int, java.lang.Object, java.lang.Object, java.lang.Object)'> (0x00000000c7403b98) thrown at [src/hotspot/share/interpreter/linkResolver.cpp, line 772]
Event: 0,853 Thread 0x00007f4d1c018000 Exception <a 'java/lang/NoSuchMethodError'{0x00000000c741ba08}: 'java.lang.Object java.lang.invoke.DirectMethodHandle$Holder.invokeStatic(java.lang.Object, int, java.lang.Object)'> (0x00000000c741ba08) thrown at [src/hotspot/share/interpreter/linkResolver.cpp, line 772]
Event: 0,882 Thread 0x00007f4d1c018000 Exception <a 'java/lang/NoSuchMethodError'{0x00000000c73172c0}: 'java.lang.Object java.lang.invoke.Invokers$Holder.linkToTargetMethod(java.lang.Object, int, java.lang.Object)'> (0x00000000c73172c0) thrown at [src/hotspot/share/interpreter/linkResolver.cpp, line 772]
Event: 0,892 Thread 0x00007f4d1c018000 Exception <a 'java/lang/ClassNotFoundException'{0x00000000c736ad08}: com/sun/swing/internal/plaf/metal/resources/spi/metalProvider> (0x00000000c736ad08) thrown at [src/hotspot/share/classfile/systemDictionary.cpp, line 231]
Event: 0,893 Thread 0x00007f4d1c018000 Exception <a 'java/lang/ClassNotFoundException'{0x00000000c7373278}: com/sun/swing/internal/plaf/basic/resources/spi/basicProvider> (0x00000000c7373278) thrown at [src/hotspot/share/classfile/systemDictionary.cpp, line 231]
Event: 13202,135 Thread 0x00007f4d1c018000 Exception <a 'java/lang/NoSuchMethodError'{0x00000000c7ece170}: 'java.lang.Object java.lang.invoke.DelegatingMethodHandle$Holder.reinvoke_L(java.lang.Object, java.lang.Object, int, int, java.lang.Object, int, int, int, int, java.lang.Object, java.lang.Object, java.lang.Object)'> (0x00000000c7ece170) thrown at [src/hotspot/share/interpreter/linkResolver.cpp, line 772]
Event: 13202,321 Thread 0x00007f4d1c018000 Exception <a 'java/lang/NoSuchMethodError'{0x00000000c7d303b8}: 'java.lang.Object java.lang.invoke.DirectMethodHandle$Holder.invokeSpecial(java.lang.Object, java.lang.Object, int, int, int, java.lang.Object, int, int, int, int, java.lang.Object, java.lang.Object, java.lang.Object)'> (0x00000000c7d303b8) thrown at [src/hotspot/share/interpreter/linkResolver.cpp, line 772]
Event: 13202,324 Thread 0x00007f4d1c018000 Exception <a 'java/lang/NoSuchMethodError'{0x00000000c7d33fb8}: 'java.lang.Object java.lang.invoke.DelegatingMethodHandle$Holder.reinvoke_L(java.lang.Object, int, int, int, java.lang.Object, int, int, int, int, java.lang.Object, java.lang.Object, java.lang.Object)'> (0x00000000c7d33fb8) thrown at [src/hotspot/share/interpreter/linkResolver.cpp, line 772]
Event: 13202,869 Thread 0x00007f4d1c018000 Exception <a 'java/lang/NoSuchMethodError'{0x00000000c7c51d50}: 'java.lang.Object java.lang.invoke.DelegatingMethodHandle$Holder.reinvoke_L(java.lang.Object, java.lang.Object, int, int, java.lang.Object, java.lang.Object, java.lang.Object, java.lang.Object, int, java.lang.Object, java.lang.Object, java.lang.Object)'> (0x00000000c7c51d50) thrown at [src/hotspot/share/interpreter/linkResolver.cpp, line 772]
Event: 13202,987 Thread 0x00007f4d1c018000 Exception <a 'java/lang/NoSuchMethodError'{0x00000000c7cbd5d8}: 'java.lang.Object java.lang.invoke.DirectMethodHandle$Holder.invokeSpecial(java.lang.Object, java.lang.Object, int, int, java.lang.Object, java.lang.Object, java.lang.Object, java.lang.Object, int, java.lang.Object, java.lang.Object, java.lang.Object)'> (0x00000000c7cbd5d8) thrown at [src/hotspot/share/interpreter/linkResolver.cpp, line 772]
Event: 13202,990 Thread 0x00007f4d1c018000 Exception <a 'java/lang/NoSuchMethodError'{0x00000000c7cc1508}: 'java.lang.Object java.lang.invoke.DelegatingMethodHandle$Holder.reinvoke_L(java.lang.Object, int, int, java.lang.Object, java.lang.Object, java.lang.Object, java.lang.Object, int, java.lang.Object, java.lang.Object, java.lang.Object)'> (0x00000000c7cc1508) thrown at [src/hotspot/share/interpreter/linkResolver.cpp, line 772]
Event: 13203,149 Thread 0x00007f4d1c018000 Exception <a 'java/lang/NoSuchMethodError'{0x00000000c7b19630}: 'java.lang.Object java.lang.invoke.DelegatingMethodHandle$Holder.reinvoke_L(java.lang.Object, java.lang.Object, java.lang.Object, java.lang.Object, java.lang.Object, int, java.lang.Object, java.lang.Object, java.lang.Object)'> (0x00000000c7b19630) thrown at [src/hotspot/share/interpreter/linkResolver.cpp, line 772]
Event: 13203,298 Thread 0x00007f4d1c018000 Exception <a 'java/lang/NoSuchMethodError'{0x00000000c7b65ed8}: 'java.lang.Object java.lang.invoke.DirectMethodHandle$Holder.invokeStatic(java.lang.Object, java.lang.Object, java.lang.Object, java.lang.Object, java.lang.Object, java.lang.Object, java.lang.Object, java.lang.Object, java.lang.Object, java.lang.Object, java.lang.Object, java.lang.Object, java.lang.Object, int)'> (0x00000000c7b65ed8) thrown at [src/hotspot/share/interpreter/linkResolver.cpp, line 772]
Event: 13203,318 Thread 0x00007f4d1c018000 Exception <a 'java/lang/NoSuchMethodError'{0x00000000c7b73890}: 'java.lang.Object java.lang.invoke.DirectMethodHandle$Holder.invokeStatic(java.lang.Object, java.lang.Object, java.lang.Object, java.lang.Object, java.lang.Object, java.lang.Object, java.lang.Object, java.lang.Object, java.lang.Object, java.lang.Object, java.lang.Object, java.lang.Object, java.lang.Object, int, int)'> (0x00000000c7b73890) thrown at [src/hotspot/share/interpreter/linkResolver.cpp, line 772]
Event: 13203,719 Thread 0x00007f4d1c018000 Exception <a 'java/lang/NoSuchMethodError'{0x00000000c7bfdfa0}: 'java.lang.Object java.lang.invoke.DirectMethodHandle$Holder.invokeSpecial(java.lang.Object, java.lang.Object, int, int, java.lang.Object, java.lang.Object, java.lang.Object, java.lang.Object)'> (0x00000000c7bfdfa0) thrown at [src/hotspot/share/interpreter/linkResolver.cpp, line 772]
Event: 13203,742 Thread 0x00007f4d1c018000 Exception <a 'java/lang/NoSuchMethodError'{0x00000000c7a01dd0}: 'java.lang.Object java.lang.invoke.DelegatingMethodHandle$Holder.reinvoke_L(java.lang.Object, int, int, java.lang.Object, java.lang.Object, java.lang.Object, java.lang.Object)'> (0x00000000c7a01dd0) thrown at [src/hotspot/share/interpreter/linkResolver.cpp, line 772]
Event: 13203,850 Thread 0x00007f4d1c018000 Exception <a 'java/lang/NoSuchMethodError'{0x00000000c7a36578}: 'java.lang.Object java.lang.invoke.DirectMethodHandle$Holder.invokeStatic(java.lang.Object, java.lang.Object, java.lang.Object, java.lang.Object, java.lang.Object, java.lang.Object, java.lang.Object, java.lang.Object, int, int, java.lang.Object)'> (0x00000000c7a36578) thrown at [src/hotspot/share/interpreter/linkResolver.cpp, line 772]
Event: 13203,892 Thread 0x00007f4d1c018000 Exception <a 'java/lang/NoSuchMethodError'{0x00000000c7a53e88}: 'java.lang.Object java.lang.invoke.DirectMethodHandle$Holder.invokeStatic(java.lang.Object, java.lang.Object, java.lang.Object, java.lang.Object, java.lang.Object, java.lang.Object, java.lang.Object, java.lang.Object, int, int, java.lang.Object, java.lang.Object)'> (0x00000000c7a53e88) thrown at [src/hotspot/share/interpreter/linkResolver.cpp, line 772]
Event: 13203,935 Thread 0x00007f4d1c018000 Exception <a 'java/lang/NoSuchMethodError'{0x00000000c7a72920}: 'java.lang.Object java.lang.invoke.DirectMethodHandle$Holder.invokeStatic(java.lang.Object, java.lang.Object, java.lang.Object, java.lang.Object, java.lang.Object, java.lang.Object, java.lang.Object, java.lang.Object, int, int, java.lang.Object, java.lang.Object, java.lang.Object)'> (0x00000000c7a72920) thrown at [src/hotspot/share/interpreter/linkResolver.cpp, line 772]
Event: 13203,972 Thread 0x00007f4d1c018000 Exception <a 'java/lang/NoSuchMethodError'{0x00000000c7a92aa0}: 'java.lang.Object java.lang.invoke.DirectMethodHandle$Holder.invokeStatic(java.lang.Object, java.lang.Object, java.lang.Object, java.lang.Object, java.lang.Object, java.lang.Object, java.lang.Object, java.lang.Object, int, int, java.lang.Object, java.lang.Object, java.lang.Object, java.lang.Object)'> (0x00000000c7a92aa0) thrown at [src/hotspot/share/interpreter/linkResolver.cpp, line 772]

Events (20 events):
Event: 13204,004 Executing VM operation: GetOrSetLocal
Event: 13204,005 Executing VM operation: GetOrSetLocal done
Event: 13225,237 Executing VM operation: GetFrameCount
Event: 13225,237 Executing VM operation: GetFrameCount done
Event: 13225,237 Executing VM operation: GetStackTrace
Event: 13225,238 Executing VM operation: GetStackTrace done
Event: 13225,245 Executing VM operation: GetFrameLocation
Event: 13225,246 Executing VM operation: GetFrameLocation done
Event: 13225,246 Executing VM operation: GetOrSetLocal
Event: 13225,246 Executing VM operation: GetOrSetLocal done
Event: 13234,825 Executing VM operation: GetFrameCount
Event: 13234,825 Executing VM operation: GetFrameCount done
Event: 13234,825 Executing VM operation: GetStackTrace
Event: 13234,825 Executing VM operation: GetStackTrace done
Event: 13234,847 Executing VM operation: GetFrameLocation
Event: 13234,848 Executing VM operation: GetFrameLocation done
Event: 13234,848 Executing VM operation: GetOrSetLocal
Event: 13234,848 Executing VM operation: GetOrSetLocal done
Event: 13255,995 Thread 0x00007f4cc0001800 Thread exited: 0x00007f4cc0001800
Event: 13256,072 loading class jdk/internal/misc/Signal$1


Dynamic libraries:
c4400000-c8000000 rw-p 00000000 00:00 0 
c8000000-ffe00000 ---p 00000000 00:00 0 
ffe00000-ffe47000 rw-p 01111000 08:05 5900403                            /usr/lib/jvm/java-11-openjdk-amd64/lib/server/classes.jsa
ffe47000-fff00000 rw-p 00000000 00:00 0 
fff00000-fff6b000 rw-p 010a6000 08:05 5900403                            /usr/lib/jvm/java-11-openjdk-amd64/lib/server/classes.jsa
fff6b000-100000000 rw-p 00000000 00:00 0 
800000000-800002000 rwxp 00001000 08:05 5900403                          /usr/lib/jvm/java-11-openjdk-amd64/lib/server/classes.jsa
800002000-8010a5000 rw-p 00003000 08:05 5900403                          /usr/lib/jvm/java-11-openjdk-amd64/lib/server/classes.jsa
840000000-840160000 rw-p 00000000 00:00 0 
840160000-880000000 ---p 00000000 00:00 0 
56452ed7a000-56452ed7b000 r--p 00000000 08:05 1969893                    /usr/lib/jvm/java-11-openjdk-amd64/bin/java
56452ed7b000-56452ed7c000 r-xp 00001000 08:05 1969893                    /usr/lib/jvm/java-11-openjdk-amd64/bin/java
56452ed7c000-56452ed7d000 r--p 00002000 08:05 1969893                    /usr/lib/jvm/java-11-openjdk-amd64/bin/java
56452ed7d000-56452ed7e000 r--p 00002000 08:05 1969893                    /usr/lib/jvm/java-11-openjdk-amd64/bin/java
56452ed7e000-56452ed7f000 rw-p 00003000 08:05 1969893                    /usr/lib/jvm/java-11-openjdk-amd64/bin/java
56452f63e000-56452f65f000 rw-p 00000000 00:00 0                          [heap]
7f4c98000000-7f4c98021000 rw-p 00000000 00:00 0 
7f4c98021000-7f4c9c000000 ---p 00000000 00:00 0 
7f4ca0000000-7f4ca0021000 rw-p 00000000 00:00 0 
7f4ca0021000-7f4ca4000000 ---p 00000000 00:00 0 
7f4ca4000000-7f4ca4021000 rw-p 00000000 00:00 0 
7f4ca4021000-7f4ca8000000 ---p 00000000 00:00 0 
7f4ca8000000-7f4ca8021000 rw-p 00000000 00:00 0 
7f4ca8021000-7f4cac000000 ---p 00000000 00:00 0 
7f4cac000000-7f4cac021000 rw-p 00000000 00:00 0 
7f4cac021000-7f4cb0000000 ---p 00000000 00:00 0 
7f4cb0000000-7f4cb0021000 rw-p 00000000 00:00 0 
7f4cb0021000-7f4cb4000000 ---p 00000000 00:00 0 
7f4cb67fd000-7f4cb67fe000 ---p 00000000 00:00 0 
7f4cb67fe000-7f4cb6ffe000 rw-p 00000000 00:00 0 
7f4cb6ffe000-7f4cb6fff000 ---p 00000000 00:00 0 
7f4cb6fff000-7f4cb77ff000 rw-p 00000000 00:00 0 
7f4cb77ff000-7f4cb7800000 ---p 00000000 00:00 0 
7f4cb7800000-7f4cb8000000 rw-p 00000000 00:00 0 
7f4cb8000000-7f4cb8021000 rw-p 00000000 00:00 0 
7f4cb8021000-7f4cbc000000 ---p 00000000 00:00 0 
7f4cbc000000-7f4cbc021000 rw-p 00000000 00:00 0 
7f4cbc021000-7f4cc0000000 ---p 00000000 00:00 0 
7f4cc0000000-7f4cc00a6000 rw-p 00000000 00:00 0 
7f4cc00a6000-7f4cc4000000 ---p 00000000 00:00 0 
7f4cc4000000-7f4cc4021000 rw-p 00000000 00:00 0 
7f4cc4021000-7f4cc8000000 ---p 00000000 00:00 0 
7f4cc8000000-7f4cc8021000 rw-p 00000000 00:00 0 
7f4cc8021000-7f4ccc000000 ---p 00000000 00:00 0 
7f4ccc000000-7f4ccc021000 rw-p 00000000 00:00 0 
7f4ccc021000-7f4cd0000000 ---p 00000000 00:00 0 
7f4cd0000000-7f4cd09e9000 rw-p 00000000 00:00 0 
7f4cd09e9000-7f4cd4000000 ---p 00000000 00:00 0 
7f4cd4000000-7f4cd42e5000 rw-p 00000000 00:00 0 
7f4cd42e5000-7f4cd8000000 ---p 00000000 00:00 0 
7f4cd8000000-7f4cd8021000 rw-p 00000000 00:00 0 
7f4cd8021000-7f4cdc000000 ---p 00000000 00:00 0 
7f4cdc000000-7f4cdc021000 rw-p 00000000 00:00 0 
7f4cdc021000-7f4ce0000000 ---p 00000000 00:00 0 
7f4ce0000000-7f4ce0021000 rw-p 00000000 00:00 0 
7f4ce0021000-7f4ce4000000 ---p 00000000 00:00 0 
7f4ce4000000-7f4ce4021000 rw-p 00000000 00:00 0 
7f4ce4021000-7f4ce8000000 ---p 00000000 00:00 0 
7f4ce8000000-7f4ce8021000 rw-p 00000000 00:00 0 
7f4ce8021000-7f4cec000000 ---p 00000000 00:00 0 
7f4cec000000-7f4cec021000 rw-p 00000000 00:00 0 
7f4cec021000-7f4cf0000000 ---p 00000000 00:00 0 
7f4cf0000000-7f4cf0021000 rw-p 00000000 00:00 0 
7f4cf0021000-7f4cf4000000 ---p 00000000 00:00 0 
7f4cf4048000-7f4cf4088000 rw-p 00000000 00:00 0 
7f4cf4088000-7f4cf4248000 ---p 00000000 00:00 0 
7f4cf4248000-7f4cf4249000 ---p 00000000 00:00 0 
7f4cf4249000-7f4cf434a000 rw-p 00000000 00:00 0 
7f4cf434a000-7f4cf434e000 ---p 00000000 00:00 0 
7f4cf434e000-7f4cf444b000 rw-p 00000000 00:00 0 
7f4cf444b000-7f4cf444f000 ---p 00000000 00:00 0 
7f4cf444f000-7f4cf454c000 rw-p 00000000 00:00 0 
7f4cf454c000-7f4cf454f000 r--p 00000000 08:05 1710291                    /usr/lib/x86_64-linux-gnu/libXcursor.so.1.0.2
7f4cf454f000-7f4cf4555000 r-xp 00003000 08:05 1710291                    /usr/lib/x86_64-linux-gnu/libXcursor.so.1.0.2
7f4cf4555000-7f4cf4557000 r--p 00009000 08:05 1710291                    /usr/lib/x86_64-linux-gnu/libXcursor.so.1.0.2
7f4cf4557000-7f4cf4558000 r--p 0000a000 08:05 1710291                    /usr/lib/x86_64-linux-gnu/libXcursor.so.1.0.2
7f4cf4558000-7f4cf4559000 rw-p 0000b000 08:05 1710291                    /usr/lib/x86_64-linux-gnu/libXcursor.so.1.0.2
7f4cf456c000-7f4cf459d000 r--p 00000000 08:05 2885084                    /usr/share/glib-2.0/schemas/gschemas.compiled
7f4cf459d000-7f4cf45bf000 r--p 00000000 08:05 3159553                    /usr/share/locale-langpack/fr/LC_MESSAGES/glib20.mo
7f4cf45bf000-7f4cf45c1000 r--p 00000000 08:05 1711303                    /usr/lib/x86_64-linux-gnu/libpcre2-8.so.0.9.0
7f4cf45c1000-7f4cf4625000 r-xp 00002000 08:05 1711303                    /usr/lib/x86_64-linux-gnu/libpcre2-8.so.0.9.0
7f4cf4625000-7f4cf464d000 r--p 00066000 08:05 1711303                    /usr/lib/x86_64-linux-gnu/libpcre2-8.so.0.9.0
7f4cf464d000-7f4cf464e000 r--p 0008d000 08:05 1711303                    /usr/lib/x86_64-linux-gnu/libpcre2-8.so.0.9.0
7f4cf464e000-7f4cf464f000 rw-p 0008e000 08:05 1711303                    /usr/lib/x86_64-linux-gnu/libpcre2-8.so.0.9.0
7f4cf464f000-7f4cf4659000 r--p 00000000 08:05 1704523                    /usr/lib/x86_64-linux-gnu/libblkid.so.1.1.0
7f4cf4659000-7f4cf468f000 r-xp 0000a000 08:05 1704523                    /usr/lib/x86_64-linux-gnu/libblkid.so.1.1.0
7f4cf468f000-7f4cf469f000 r--p 00040000 08:05 1704523                    /usr/lib/x86_64-linux-gnu/libblkid.so.1.1.0
7f4cf469f000-7f4cf46a0000 ---p 00050000 08:05 1704523                    /usr/lib/x86_64-linux-gnu/libblkid.so.1.1.0
7f4cf46a0000-7f4cf46a5000 r--p 00050000 08:05 1704523                    /usr/lib/x86_64-linux-gnu/libblkid.so.1.1.0
7f4cf46a5000-7f4cf46a6000 rw-p 00055000 08:05 1704523                    /usr/lib/x86_64-linux-gnu/libblkid.so.1.1.0
7f4cf46a6000-7f4cf46a8000 r--p 00000000 08:05 1710685                    /usr/lib/x86_64-linux-gnu/libffi.so.7.1.0
7f4cf46a8000-7f4cf46ae000 r-xp 00002000 08:05 1710685                    /usr/lib/x86_64-linux-gnu/libffi.so.7.1.0
7f4cf46ae000-7f4cf46af000 r--p 00008000 08:05 1710685                    /usr/lib/x86_64-linux-gnu/libffi.so.7.1.0
7f4cf46af000-7f4cf46b0000 ---p 00009000 08:05 1710685                    /usr/lib/x86_64-linux-gnu/libffi.so.7.1.0
7f4cf46b0000-7f4cf46b1000 r--p 00009000 08:05 1710685                    /usr/lib/x86_64-linux-gnu/libffi.so.7.1.0
7f4cf46b1000-7f4cf46b2000 rw-p 0000a000 08:05 1710685                    /usr/lib/x86_64-linux-gnu/libffi.so.7.1.0
7f4cf46b2000-7f4cf46b6000 r--p 00000000 08:05 1709173                    /usr/lib/x86_64-linux-gnu/libresolv-2.31.so
7f4cf46b6000-7f4cf46c6000 r-xp 00004000 08:05 1709173                    /usr/lib/x86_64-linux-gnu/libresolv-2.31.so
7f4cf46c6000-7f4cf46c9000 r--p 00014000 08:05 1709173                    /usr/lib/x86_64-linux-gnu/libresolv-2.31.so
7f4cf46c9000-7f4cf46ca000 ---p 00017000 08:05 1709173                    /usr/lib/x86_64-linux-gnu/libresolv-2.31.so
7f4cf46ca000-7f4cf46cb000 r--p 00017000 08:05 1709173                    /usr/lib/x86_64-linux-gnu/libresolv-2.31.so
7f4cf46cb000-7f4cf46cc000 rw-p 00018000 08:05 1709173                    /usr/lib/x86_64-linux-gnu/libresolv-2.31.so
7f4cf46cc000-7f4cf46ce000 rw-p 00000000 00:00 0 
7f4cf46ce000-7f4cf46d4000 r--p 00000000 08:05 1711457                    /usr/lib/x86_64-linux-gnu/libselinux.so.1
7f4cf46d4000-7f4cf46ed000 r-xp 00006000 08:05 1711457                    /usr/lib/x86_64-linux-gnu/libselinux.so.1
7f4cf46ed000-7f4cf46f4000 r--p 0001f000 08:05 1711457                    /usr/lib/x86_64-linux-gnu/libselinux.so.1
7f4cf46f4000-7f4cf46f5000 ---p 00026000 08:05 1711457                    /usr/lib/x86_64-linux-gnu/libselinux.so.1
7f4cf46f5000-7f4cf46f6000 r--p 00026000 08:05 1711457                    /usr/lib/x86_64-linux-gnu/libselinux.so.1
7f4cf46f6000-7f4cf46f7000 rw-p 00027000 08:05 1711457                    /usr/lib/x86_64-linux-gnu/libselinux.so.1
7f4cf46f7000-7f4cf46f9000 rw-p 00000000 00:00 0 
7f4cf46f9000-7f4cf4704000 r--p 00000000 08:05 1704843                    /usr/lib/x86_64-linux-gnu/libmount.so.1.1.0
7f4cf4704000-7f4cf4742000 r-xp 0000b000 08:05 1704843                    /usr/lib/x86_64-linux-gnu/libmount.so.1.1.0
7f4cf4742000-7f4cf4755000 r--p 00049000 08:05 1704843                    /usr/lib/x86_64-linux-gnu/libmount.so.1.1.0
7f4cf4755000-7f4cf4758000 r--p 0005b000 08:05 1704843                    /usr/lib/x86_64-linux-gnu/libmount.so.1.1.0
7f4cf4758000-7f4cf4759000 rw-p 0005e000 08:05 1704843                    /usr/lib/x86_64-linux-gnu/libmount.so.1.1.0
7f4cf4759000-7f4cf4767000 r--p 00000000 08:05 1706149                    /usr/lib/x86_64-linux-gnu/libgobject-2.0.so.0.6400.6
7f4cf4767000-7f4cf479d000 r-xp 0000e000 08:05 1706149                    /usr/lib/x86_64-linux-gnu/libgobject-2.0.so.0.6400.6
7f4cf479d000-7f4cf47b5000 r--p 00044000 08:05 1706149                    /usr/lib/x86_64-linux-gnu/libgobject-2.0.so.0.6400.6
7f4cf47b5000-7f4cf47b8000 r--p 0005b000 08:05 1706149                    /usr/lib/x86_64-linux-gnu/libgobject-2.0.so.0.6400.6
7f4cf47b8000-7f4cf47b9000 rw-p 0005e000 08:05 1706149                    /usr/lib/x86_64-linux-gnu/libgobject-2.0.so.0.6400.6
7f4cf47b9000-7f4cf47f1000 r--p 00000000 08:05 1704256                    /usr/lib/x86_64-linux-gnu/libgio-2.0.so.0.6400.6
7f4cf47f1000-7f4cf4904000 r-xp 00038000 08:05 1704256                    /usr/lib/x86_64-linux-gnu/libgio-2.0.so.0.6400.6
7f4cf4904000-7f4cf498e000 r--p 0014b000 08:05 1704256                    /usr/lib/x86_64-linux-gnu/libgio-2.0.so.0.6400.6
7f4cf498e000-7f4cf4997000 r--p 001d4000 08:05 1704256                    /usr/lib/x86_64-linux-gnu/libgio-2.0.so.0.6400.6
7f4cf4997000-7f4cf4998000 rw-p 001dd000 08:05 1704256                    /usr/lib/x86_64-linux-gnu/libgio-2.0.so.0.6400.6
7f4cf4998000-7f4cf499a000 rw-p 00000000 00:00 0 
7f4cf499a000-7f4cf499c000 r--p 00000000 08:05 1711299                    /usr/lib/x86_64-linux-gnu/libpcre.so.3.13.3
7f4cf499c000-7f4cf49ed000 r-xp 00002000 08:05 1711299                    /usr/lib/x86_64-linux-gnu/libpcre.so.3.13.3
7f4cf49ed000-7f4cf4a0b000 r--p 00053000 08:05 1711299                    /usr/lib/x86_64-linux-gnu/libpcre.so.3.13.3
7f4cf4a0b000-7f4cf4a0c000 r--p 00070000 08:05 1711299                    /usr/lib/x86_64-linux-gnu/libpcre.so.3.13.3
7f4cf4a0c000-7f4cf4a0d000 rw-p 00071000 08:05 1711299                    /usr/lib/x86_64-linux-gnu/libpcre.so.3.13.3
7f4cf4a0d000-7f4cf4a12000 r--p 00000000 08:05 1711337                    /usr/lib/x86_64-linux-gnu/libpng16.so.16.37.0
7f4cf4a12000-7f4cf4a37000 r-xp 00005000 08:05 1711337                    /usr/lib/x86_64-linux-gnu/libpng16.so.16.37.0
7f4cf4a37000-7f4cf4a43000 r--p 0002a000 08:05 1711337                    /usr/lib/x86_64-linux-gnu/libpng16.so.16.37.0
7f4cf4a43000-7f4cf4a44000 r--p 00035000 08:05 1711337                    /usr/lib/x86_64-linux-gnu/libpng16.so.16.37.0
7f4cf4a44000-7f4cf4a45000 rw-p 00036000 08:05 1711337                    /usr/lib/x86_64-linux-gnu/libpng16.so.16.37.0
7f4cf4a45000-7f4cf4a48000 r--p 00000000 08:05 1710848                    /usr/lib/x86_64-linux-gnu/libgraphite2.so.3.2.1
7f4cf4a48000-7f4cf4a6a000 r-xp 00003000 08:05 1710848                    /usr/lib/x86_64-linux-gnu/libgraphite2.so.3.2.1
7f4cf4a6a000-7f4cf4a6f000 r--p 00025000 08:05 1710848                    /usr/lib/x86_64-linux-gnu/libgraphite2.so.3.2.1
7f4cf4a6f000-7f4cf4a71000 r--p 00029000 08:05 1710848                    /usr/lib/x86_64-linux-gnu/libgraphite2.so.3.2.1
7f4cf4a71000-7f4cf4a72000 rw-p 0002b000 08:05 1710848                    /usr/lib/x86_64-linux-gnu/libgraphite2.so.3.2.1
7f4cf4a72000-7f4cf4a8e000 r--p 00000000 08:05 1704500                    /usr/lib/x86_64-linux-gnu/libglib-2.0.so.0.6400.6
7f4cf4a8e000-7f4cf4b12000 r-xp 0001c000 08:05 1704500                    /usr/lib/x86_64-linux-gnu/libglib-2.0.so.0.6400.6
7f4cf4b12000-7f4cf4b98000 r--p 000a0000 08:05 1704500                    /usr/lib/x86_64-linux-gnu/libglib-2.0.so.0.6400.6
7f4cf4b98000-7f4cf4b99000 r--p 00125000 08:05 1704500                    /usr/lib/x86_64-linux-gnu/libglib-2.0.so.0.6400.6
7f4cf4b99000-7f4cf4b9a000 rw-p 00126000 08:05 1704500                    /usr/lib/x86_64-linux-gnu/libglib-2.0.so.0.6400.6
7f4cf4b9a000-7f4cf4b9b000 rw-p 00000000 00:00 0 
7f4cf4b9b000-7f4cf4ba7000 r--p 00000000 08:05 1706383                    /usr/lib/x86_64-linux-gnu/libfreetype.so.6.17.1
7f4cf4ba7000-7f4cf4c27000 r-xp 0000c000 08:05 1706383                    /usr/lib/x86_64-linux-gnu/libfreetype.so.6.17.1
7f4cf4c27000-7f4cf4c51000 r--p 0008c000 08:05 1706383                    /usr/lib/x86_64-linux-gnu/libfreetype.so.6.17.1
7f4cf4c51000-7f4cf4c52000 ---p 000b6000 08:05 1706383                    /usr/lib/x86_64-linux-gnu/libfreetype.so.6.17.1
7f4cf4c52000-7f4cf4c59000 r--p 000b6000 08:05 1706383                    /usr/lib/x86_64-linux-gnu/libfreetype.so.6.17.1
7f4cf4c59000-7f4cf4c5a000 rw-p 000bd000 08:05 1706383                    /usr/lib/x86_64-linux-gnu/libfreetype.so.6.17.1
7f4cf4c5a000-7f4cf4c63000 r--p 00000000 08:05 1710943                    /usr/lib/x86_64-linux-gnu/libharfbuzz.so.0.20600.4
7f4cf4c63000-7f4cf4d2b000 r-xp 00009000 08:05 1710943                    /usr/lib/x86_64-linux-gnu/libharfbuzz.so.0.20600.4
7f4cf4d2b000-7f4cf4d5c000 r--p 000d1000 08:05 1710943                    /usr/lib/x86_64-linux-gnu/libharfbuzz.so.0.20600.4
7f4cf4d5c000-7f4cf4d5d000 ---p 00102000 08:05 1710943                    /usr/lib/x86_64-linux-gnu/libharfbuzz.so.0.20600.4
7f4cf4d5d000-7f4cf4d5e000 r--p 00102000 08:05 1710943                    /usr/lib/x86_64-linux-gnu/libharfbuzz.so.0.20600.4
7f4cf4d5e000-7f4cf4d5f000 rw-p 00103000 08:05 1710943                    /usr/lib/x86_64-linux-gnu/libharfbuzz.so.0.20600.4
7f4cf4d60000-7f4cf4d64000 r--p 00000000 08:05 2359908                    /usr/lib/x86_64-linux-gnu/gio/modules/libdconfsettings.so
7f4cf4d64000-7f4cf4d6c000 r-xp 00004000 08:05 2359908                    /usr/lib/x86_64-linux-gnu/gio/modules/libdconfsettings.so
7f4cf4d6c000-7f4cf4d6f000 r--p 0000c000 08:05 2359908                    /usr/lib/x86_64-linux-gnu/gio/modules/libdconfsettings.so
7f4cf4d6f000-7f4cf4d70000 ---p 0000f000 08:05 2359908                    /usr/lib/x86_64-linux-gnu/gio/modules/libdconfsettings.so
7f4cf4d70000-7f4cf4d71000 r--p 0000f000 08:05 2359908                    /usr/lib/x86_64-linux-gnu/gio/modules/libdconfsettings.so
7f4cf4d71000-7f4cf4d72000 rw-p 00010000 08:05 2359908                    /usr/lib/x86_64-linux-gnu/gio/modules/libdconfsettings.so
7f4cf4d72000-7f4cf4d98000 r--p 00000000 08:05 3151520                    /usr/share/locale-langpack/fr/LC_MESSAGES/libc.mo
7f4cf4d98000-7f4cf4d9c000 r--p 00000000 08:05 1710451                    /usr/lib/x86_64-linux-gnu/libbsd.so.0.10.0
7f4cf4d9c000-7f4cf4dab000 r-xp 00004000 08:05 1710451                    /usr/lib/x86_64-linux-gnu/libbsd.so.0.10.0
7f4cf4dab000-7f4cf4dae000 r--p 00013000 08:05 1710451                    /usr/lib/x86_64-linux-gnu/libbsd.so.0.10.0
7f4cf4dae000-7f4cf4daf000 ---p 00016000 08:05 1710451                    /usr/lib/x86_64-linux-gnu/libbsd.so.0.10.0
7f4cf4daf000-7f4cf4db0000 r--p 00016000 08:05 1710451                    /usr/lib/x86_64-linux-gnu/libbsd.so.0.10.0
7f4cf4db0000-7f4cf4db1000 rw-p 00017000 08:05 1710451                    /usr/lib/x86_64-linux-gnu/libbsd.so.0.10.0
7f4cf4db1000-7f4cf4db2000 rw-p 00000000 00:00 0 
7f4cf4db2000-7f4cf4dbd000 r--p 00000000 08:05 1711755                    /usr/lib/x86_64-linux-gnu/libxcb.so.1.1.0
7f4cf4dbd000-7f4cf4dd1000 r-xp 0000b000 08:05 1711755                    /usr/lib/x86_64-linux-gnu/libxcb.so.1.1.0
7f4cf4dd1000-7f4cf4dda000 r--p 0001f000 08:05 1711755                    /usr/lib/x86_64-linux-gnu/libxcb.so.1.1.0
7f4cf4dda000-7f4cf4ddb000 r--p 00027000 08:05 1711755                    /usr/lib/x86_64-linux-gnu/libxcb.so.1.1.0
7f4cf4ddb000-7f4cf4ddc000 rw-p 00028000 08:05 1711755                    /usr/lib/x86_64-linux-gnu/libxcb.so.1.1.0
7f4cf4ddc000-7f4cf4dde000 r--p 00000000 08:05 1710305                    /usr/lib/x86_64-linux-gnu/libXi.so.6.1.0
7f4cf4dde000-7f4cf4de9000 r-xp 00002000 08:05 1710305                    /usr/lib/x86_64-linux-gnu/libXi.so.6.1.0
7f4cf4de9000-7f4cf4dec000 r--p 0000d000 08:05 1710305                    /usr/lib/x86_64-linux-gnu/libXi.so.6.1.0
7f4cf4dec000-7f4cf4ded000 r--p 0000f000 08:05 1710305                    /usr/lib/x86_64-linux-gnu/libXi.so.6.1.0
7f4cf4ded000-7f4cf4dee000 rw-p 00010000 08:05 1710305                    /usr/lib/x86_64-linux-gnu/libXi.so.6.1.0
7f4cf4dee000-7f4cf4df3000 r-xp 00000000 08:05 1710323                    /usr/lib/x86_64-linux-gnu/libXtst.so.6.1.0
7f4cf4df3000-7f4cf4ff2000 ---p 00005000 08:05 1710323                    /usr/lib/x86_64-linux-gnu/libXtst.so.6.1.0
7f4cf4ff2000-7f4cf4ff3000 r--p 00004000 08:05 1710323                    /usr/lib/x86_64-linux-gnu/libXtst.so.6.1.0
7f4cf4ff3000-7f4cf4ff4000 rw-p 00005000 08:05 1710323                    /usr/lib/x86_64-linux-gnu/libXtst.so.6.1.0
7f4cf4ff4000-7f4cf4ffd000 r-xp 00000000 08:05 1710317                    /usr/lib/x86_64-linux-gnu/libXrender.so.1.3.0
7f4cf4ffd000-7f4cf51fc000 ---p 00009000 08:05 1710317                    /usr/lib/x86_64-linux-gnu/libXrender.so.1.3.0
7f4cf51fc000-7f4cf51fd000 r--p 00008000 08:05 1710317                    /usr/lib/x86_64-linux-gnu/libXrender.so.1.3.0
7f4cf51fd000-7f4cf51fe000 rw-p 00009000 08:05 1710317                    /usr/lib/x86_64-linux-gnu/libXrender.so.1.3.0
7f4cf51fe000-7f4cf5216000 r--p 00000000 08:05 1704728                    /usr/lib/x86_64-linux-gnu/libX11.so.6.3.0
7f4cf5216000-7f4cf52a1000 r-xp 00018000 08:05 1704728                    /usr/lib/x86_64-linux-gnu/libX11.so.6.3.0
7f4cf52a1000-7f4cf5335000 r--p 000a3000 08:05 1704728                    /usr/lib/x86_64-linux-gnu/libX11.so.6.3.0
7f4cf5335000-7f4cf5336000 ---p 00137000 08:05 1704728                    /usr/lib/x86_64-linux-gnu/libX11.so.6.3.0
7f4cf5336000-7f4cf5337000 r--p 00137000 08:05 1704728                    /usr/lib/x86_64-linux-gnu/libX11.so.6.3.0
7f4cf5337000-7f4cf533b000 rw-p 00138000 08:05 1704728                    /usr/lib/x86_64-linux-gnu/libX11.so.6.3.0
7f4cf533b000-7f4cf5367000 r--p 00000000 08:05 5900231                    /usr/lib/jvm/java-11-openjdk-amd64/lib/libawt.so
7f4cf5367000-7f4cf53d0000 r-xp 0002c000 08:05 5900231                    /usr/lib/jvm/java-11-openjdk-amd64/lib/libawt.so
7f4cf53d0000-7f4cf53dc000 r--p 00095000 08:05 5900231                    /usr/lib/jvm/java-11-openjdk-amd64/lib/libawt.so
7f4cf53dc000-7f4cf53dd000 ---p 000a1000 08:05 5900231                    /usr/lib/jvm/java-11-openjdk-amd64/lib/libawt.so
7f4cf53dd000-7f4cf53de000 r--p 000a1000 08:05 5900231                    /usr/lib/jvm/java-11-openjdk-amd64/lib/libawt.so
7f4cf53de000-7f4cf53e9000 rw-p 000a2000 08:05 5900231                    /usr/lib/jvm/java-11-openjdk-amd64/lib/libawt.so
7f4cf53e9000-7f4cf540e000 rw-p 00000000 00:00 0 
7f4cf540e000-7f4cf540f000 ---p 00000000 00:00 0 
7f4cf540f000-7f4cf5510000 rw-p 00000000 00:00 0 
7f4cf5510000-7f4cf5514000 ---p 00000000 00:00 0 
7f4cf5514000-7f4cf5611000 rw-p 00000000 00:00 0 
7f4cf5611000-7f4cf5615000 ---p 00000000 00:00 0 
7f4cf5615000-7f4cf5712000 rw-p 00000000 00:00 0 
7f4cf5712000-7f4cf5716000 ---p 00000000 00:00 0 
7f4cf5716000-7f4cf5813000 rw-p 00000000 00:00 0 
7f4cf5813000-7f4cf6000000 r--p 00000000 08:05 1705048                    /usr/lib/locale/locale-archive
7f4cf6000000-7f4cf8000000 rw-p 00000000 00:00 0 
7f4cf8000000-7f4cf8021000 rw-p 00000000 00:00 0 
7f4cf8021000-7f4cfc000000 ---p 00000000 00:00 0 
7f4cfc000000-7f4cfc021000 rw-p 00000000 00:00 0 
7f4cfc021000-7f4d00000000 ---p 00000000 00:00 0 
7f4d00000000-7f4d00021000 rw-p 00000000 00:00 0 
7f4d00021000-7f4d04000000 ---p 00000000 00:00 0 
7f4d04000000-7f4d04002000 r--p 00000000 08:05 1710299                    /usr/lib/x86_64-linux-gnu/libXfixes.so.3.1.0
7f4d04002000-7f4d04005000 r-xp 00002000 08:05 1710299                    /usr/lib/x86_64-linux-gnu/libXfixes.so.3.1.0
7f4d04005000-7f4d04006000 r--p 00005000 08:05 1710299                    /usr/lib/x86_64-linux-gnu/libXfixes.so.3.1.0
7f4d04006000-7f4d04007000 r--p 00005000 08:05 1710299                    /usr/lib/x86_64-linux-gnu/libXfixes.so.3.1.0
7f4d04007000-7f4d04008000 rw-p 00006000 08:05 1710299                    /usr/lib/x86_64-linux-gnu/libXfixes.so.3.1.0
7f4d04008000-7f4d04009000 r--p 00000000 08:05 1704527                    /usr/lib/x86_64-linux-gnu/libgmodule-2.0.so.0.6400.6
7f4d04009000-7f4d0400b000 r-xp 00001000 08:05 1704527                    /usr/lib/x86_64-linux-gnu/libgmodule-2.0.so.0.6400.6
7f4d0400b000-7f4d0400c000 r--p 00003000 08:05 1704527                    /usr/lib/x86_64-linux-gnu/libgmodule-2.0.so.0.6400.6
7f4d0400c000-7f4d0400d000 r--p 00003000 08:05 1704527                    /usr/lib/x86_64-linux-gnu/libgmodule-2.0.so.0.6400.6
7f4d0400d000-7f4d0400e000 rw-p 00004000 08:05 1704527                    /usr/lib/x86_64-linux-gnu/libgmodule-2.0.so.0.6400.6
7f4d0400e000-7f4d04012000 r--p 00000000 08:05 1710297                    /usr/lib/x86_64-linux-gnu/libXext.so.6.4.0
7f4d04012000-7f4d0401d000 r-xp 00004000 08:05 1710297                    /usr/lib/x86_64-linux-gnu/libXext.so.6.4.0
7f4d0401d000-7f4d04021000 r--p 0000f000 08:05 1710297                    /usr/lib/x86_64-linux-gnu/libXext.so.6.4.0
7f4d04021000-7f4d04022000 r--p 00012000 08:05 1710297                    /usr/lib/x86_64-linux-gnu/libXext.so.6.4.0
7f4d04022000-7f4d04023000 rw-p 00013000 08:05 1710297                    /usr/lib/x86_64-linux-gnu/libXext.so.6.4.0
7f4d04023000-7f4d04033000 r--p 00000000 08:05 5900233                    /usr/lib/jvm/java-11-openjdk-amd64/lib/libawt_xawt.so
7f4d04033000-7f4d04072000 r-xp 00010000 08:05 5900233                    /usr/lib/jvm/java-11-openjdk-amd64/lib/libawt_xawt.so
7f4d04072000-7f4d04084000 r--p 0004f000 08:05 5900233                    /usr/lib/jvm/java-11-openjdk-amd64/lib/libawt_xawt.so
7f4d04084000-7f4d04085000 r--p 00060000 08:05 5900233                    /usr/lib/jvm/java-11-openjdk-amd64/lib/libawt_xawt.so
7f4d04085000-7f4d04087000 rw-p 00061000 08:05 5900233                    /usr/lib/jvm/java-11-openjdk-amd64/lib/libawt_xawt.so
7f4d04087000-7f4d04089000 rw-p 00000000 00:00 0 
7f4d04089000-7f4d0408d000 ---p 00000000 00:00 0 
7f4d0408d000-7f4d0418a000 rw-p 00000000 00:00 0 
7f4d0418a000-7f4d0418e000 ---p 00000000 00:00 0 
7f4d0418e000-7f4d0428b000 rw-p 00000000 00:00 0 
7f4d0428b000-7f4d0428f000 ---p 00000000 00:00 0 
7f4d0428f000-7f4d0438c000 rw-p 00000000 00:00 0 
7f4d0438c000-7f4d04390000 ---p 00000000 00:00 0 
7f4d04390000-7f4d0448d000 rw-p 00000000 00:00 0 
7f4d0448d000-7f4d04491000 ---p 00000000 00:00 0 
7f4d04491000-7f4d0458e000 rw-p 00000000 00:00 0 
7f4d0458e000-7f4d04592000 ---p 00000000 00:00 0 
7f4d04592000-7f4d0468f000 rw-p 00000000 00:00 0 
7f4d0468f000-7f4d04693000 ---p 00000000 00:00 0 
7f4d04693000-7f4d04790000 rw-p 00000000 00:00 0 
7f4d04790000-7f4d04794000 ---p 00000000 00:00 0 
7f4d04794000-7f4d04891000 rw-p 00000000 00:00 0 
7f4d04891000-7f4d04b01000 rwxp 00000000 00:00 0 
7f4d04b01000-7f4d04e21000 ---p 00000000 00:00 0 
7f4d04e21000-7f4d05091000 rwxp 00000000 00:00 0 
7f4d05091000-7f4d0c359000 ---p 00000000 00:00 0 
7f4d0c359000-7f4d0c5c9000 rwxp 00000000 00:00 0 
7f4d0c5c9000-7f4d13891000 ---p 00000000 00:00 0 
7f4d1c000000-7f4d1c56c000 rw-p 00000000 00:00 0 
7f4d1c56c000-7f4d20000000 ---p 00000000 00:00 0 
7f4d20001000-7f4d20005000 r--p 00000000 08:05 7209411                    /home/etudiant/.config/dconf/user (deleted)
7f4d20005000-7f4d20007000 r--p 00000000 08:05 1710315                    /usr/lib/x86_64-linux-gnu/libXrandr.so.2.2.0
7f4d20007000-7f4d2000e000 r-xp 00002000 08:05 1710315                    /usr/lib/x86_64-linux-gnu/libXrandr.so.2.2.0
7f4d2000e000-7f4d20010000 r--p 00009000 08:05 1710315                    /usr/lib/x86_64-linux-gnu/libXrandr.so.2.2.0
7f4d20010000-7f4d20011000 r--p 0000a000 08:05 1710315                    /usr/lib/x86_64-linux-gnu/libXrandr.so.2.2.0
7f4d20011000-7f4d20012000 rw-p 0000b000 08:05 1710315                    /usr/lib/x86_64-linux-gnu/libXrandr.so.2.2.0
7f4d20012000-7f4d20016000 r--p 00000000 08:05 5900236                    /usr/lib/jvm/java-11-openjdk-amd64/lib/libfontmanager.so
7f4d20016000-7f4d2001e000 r-xp 00004000 08:05 5900236                    /usr/lib/jvm/java-11-openjdk-amd64/lib/libfontmanager.so
7f4d2001e000-7f4d20020000 r--p 0000c000 08:05 5900236                    /usr/lib/jvm/java-11-openjdk-amd64/lib/libfontmanager.so
7f4d20020000-7f4d20021000 r--p 0000d000 08:05 5900236                    /usr/lib/jvm/java-11-openjdk-amd64/lib/libfontmanager.so
7f4d20021000-7f4d20022000 rw-p 0000e000 08:05 5900236                    /usr/lib/jvm/java-11-openjdk-amd64/lib/libfontmanager.so
7f4d20022000-7f4d20024000 r--p 00000000 08:05 5900234                    /usr/lib/jvm/java-11-openjdk-amd64/lib/libdt_socket.so
7f4d20024000-7f4d20027000 r-xp 00002000 08:05 5900234                    /usr/lib/jvm/java-11-openjdk-amd64/lib/libdt_socket.so
7f4d20027000-7f4d20028000 r--p 00005000 08:05 5900234                    /usr/lib/jvm/java-11-openjdk-amd64/lib/libdt_socket.so
7f4d20028000-7f4d20029000 ---p 00006000 08:05 5900234                    /usr/lib/jvm/java-11-openjdk-amd64/lib/libdt_socket.so
7f4d20029000-7f4d2002a000 r--p 00006000 08:05 5900234                    /usr/lib/jvm/java-11-openjdk-amd64/lib/libdt_socket.so
7f4d2002a000-7f4d2002b000 rw-p 00007000 08:05 5900234                    /usr/lib/jvm/java-11-openjdk-amd64/lib/libdt_socket.so
7f4d2002b000-7f4d20032000 r--s 00000000 08:05 2233535                    /usr/lib/x86_64-linux-gnu/gconv/gconv-modules.cache
7f4d20032000-7f4d20034000 r--p 00000000 08:05 1710295                    /usr/lib/x86_64-linux-gnu/libXdmcp.so.6.0.0
7f4d20034000-7f4d20036000 r-xp 00002000 08:05 1710295                    /usr/lib/x86_64-linux-gnu/libXdmcp.so.6.0.0
7f4d20036000-7f4d20038000 r--p 00004000 08:05 1710295                    /usr/lib/x86_64-linux-gnu/libXdmcp.so.6.0.0
7f4d20038000-7f4d20039000 r--p 00005000 08:05 1710295                    /usr/lib/x86_64-linux-gnu/libXdmcp.so.6.0.0
7f4d20039000-7f4d2003a000 rw-p 00006000 08:05 1710295                    /usr/lib/x86_64-linux-gnu/libXdmcp.so.6.0.0
7f4d2003a000-7f4d2003b000 r--p 00000000 08:05 1710284                    /usr/lib/x86_64-linux-gnu/libXau.so.6.0.0
7f4d2003b000-7f4d2003d000 r-xp 00001000 08:05 1710284                    /usr/lib/x86_64-linux-gnu/libXau.so.6.0.0
7f4d2003d000-7f4d2003e000 r--p 00003000 08:05 1710284                    /usr/lib/x86_64-linux-gnu/libXau.so.6.0.0
7f4d2003e000-7f4d2003f000 r--p 00003000 08:05 1710284                    /usr/lib/x86_64-linux-gnu/libXau.so.6.0.0
7f4d2003f000-7f4d20040000 rw-p 00004000 08:05 1710284                    /usr/lib/x86_64-linux-gnu/libXau.so.6.0.0
7f4d20040000-7f4d20044000 r--p 00000000 08:05 5900254                    /usr/lib/jvm/java-11-openjdk-amd64/lib/libnet.so
7f4d20044000-7f4d20053000 r-xp 00004000 08:05 5900254                    /usr/lib/jvm/java-11-openjdk-amd64/lib/libnet.so
7f4d20053000-7f4d20057000 r--p 00013000 08:05 5900254                    /usr/lib/jvm/java-11-openjdk-amd64/lib/libnet.so
7f4d20057000-7f4d20058000 r--p 00016000 08:05 5900254                    /usr/lib/jvm/java-11-openjdk-amd64/lib/libnet.so
7f4d20058000-7f4d20059000 rw-p 00017000 08:05 5900254                    /usr/lib/jvm/java-11-openjdk-amd64/lib/libnet.so
7f4d20059000-7f4d20060000 r--p 00000000 08:05 5900255                    /usr/lib/jvm/java-11-openjdk-amd64/lib/libnio.so
7f4d20060000-7f4d20068000 r-xp 00007000 08:05 5900255                    /usr/lib/jvm/java-11-openjdk-amd64/lib/libnio.so
7f4d20068000-7f4d2006b000 r--p 0000f000 08:05 5900255                    /usr/lib/jvm/java-11-openjdk-amd64/lib/libnio.so
7f4d2006b000-7f4d2006c000 r--p 00011000 08:05 5900255                    /usr/lib/jvm/java-11-openjdk-amd64/lib/libnio.so
7f4d2006c000-7f4d2006d000 rw-p 00012000 08:05 5900255                    /usr/lib/jvm/java-11-openjdk-amd64/lib/libnio.so
7f4d2006d000-7f4d2006e000 ---p 00000000 00:00 0 
7f4d2006e000-7f4d20a4b000 rw-p 00000000 00:00 0 
7f4d20a4b000-7f4d20a4c000 ---p 00000000 00:00 0 
7f4d20a4c000-7f4d20b4d000 rw-p 00000000 00:00 0 
7f4d20b4d000-7f4d20b4e000 ---p 00000000 00:00 0 
7f4d20b4e000-7f4d21053000 rw-p 00000000 00:00 0 
7f4d21053000-7f4d21054000 ---p 00000000 00:00 0 
7f4d21054000-7f4d21155000 rw-p 00000000 00:00 0 
7f4d21155000-7f4d21156000 ---p 00000000 00:00 0 
7f4d21156000-7f4d21367000 rw-p 00000000 00:00 0 
7f4d21367000-7f4d2215f000 ---p 00000000 00:00 0 
7f4d2215f000-7f4d22257000 rw-p 00000000 00:00 0 
7f4d22257000-7f4d2304f000 ---p 00000000 00:00 0 
7f4d2304f000-7f4d23075000 rw-p 00000000 00:00 0 
7f4d23075000-7f4d23234000 ---p 00000000 00:00 0 
7f4d23234000-7f4d23253000 rw-p 00000000 00:00 0 
7f4d23253000-7f4d23412000 ---p 00000000 00:00 0 
7f4d23412000-7f4d23431000 rw-p 00000000 00:00 0 
7f4d23431000-7f4d235f0000 ---p 00000000 00:00 0 
7f4d235f0000-7f4d239f5000 rw-p 00000000 00:00 0 
7f4d239f5000-7f4d239f6000 ---p 00000000 00:00 0 
7f4d239f6000-7f4d23afc000 rw-p 00000000 00:00 0 
7f4d23afc000-7f4d23be2000 ---p 00000000 00:00 0 
7f4d23be2000-7f4d23be7000 rw-p 00000000 00:00 0 
7f4d23be7000-7f4d23ccd000 ---p 00000000 00:00 0 
7f4d23ccd000-7f4d23cd2000 rw-p 00000000 00:00 0 
7f4d23cd2000-7f4d23cd9000 ---p 00000000 00:00 0 
7f4d23cd9000-7f4d23cdb000 r--s 0000c000 08:05 2496856                    /usr/share/java/java-atk-wrapper.jar
7f4d23cdb000-7f4d23cde000 r--p 00000000 08:05 1709167                    /usr/lib/x86_64-linux-gnu/libnss_files-2.31.so
7f4d23cde000-7f4d23ce5000 r-xp 00003000 08:05 1709167                    /usr/lib/x86_64-linux-gnu/libnss_files-2.31.so
7f4d23ce5000-7f4d23ce7000 r--p 0000a000 08:05 1709167                    /usr/lib/x86_64-linux-gnu/libnss_files-2.31.so
7f4d23ce7000-7f4d23ce8000 r--p 0000b000 08:05 1709167                    /usr/lib/x86_64-linux-gnu/libnss_files-2.31.so
7f4d23ce8000-7f4d23ce9000 rw-p 0000c000 08:05 1709167                    /usr/lib/x86_64-linux-gnu/libnss_files-2.31.so
7f4d23ce9000-7f4d23cef000 rw-p 00000000 00:00 0 
7f4d23cf0000-7f4d23cf2000 r--p 00000000 08:05 5900263                    /usr/lib/jvm/java-11-openjdk-amd64/lib/libzip.so
7f4d23cf2000-7f4d23cf6000 r-xp 00002000 08:05 5900263                    /usr/lib/jvm/java-11-openjdk-amd64/lib/libzip.so
7f4d23cf6000-7f4d23cf8000 r--p 00006000 08:05 5900263                    /usr/lib/jvm/java-11-openjdk-amd64/lib/libzip.so
7f4d23cf8000-7f4d23cf9000 r--p 00007000 08:05 5900263                    /usr/lib/jvm/java-11-openjdk-amd64/lib/libzip.so
7f4d23cf9000-7f4d23cfa000 rw-p 00008000 08:05 5900263                    /usr/lib/jvm/java-11-openjdk-amd64/lib/libzip.so
7f4d23cfa000-7f4d23d02000 rw-s 00000000 08:05 4850043                    /tmp/hsperfdata_etudiant/25681
7f4d23d02000-7f4d23d04000 r--p 00000000 08:05 5900237                    /usr/lib/jvm/java-11-openjdk-amd64/lib/libinstrument.so
7f4d23d04000-7f4d23d0a000 r-xp 00002000 08:05 5900237                    /usr/lib/jvm/java-11-openjdk-amd64/lib/libinstrument.so
7f4d23d0a000-7f4d23d0d000 r--p 00008000 08:05 5900237                    /usr/lib/jvm/java-11-openjdk-amd64/lib/libinstrument.so
7f4d23d0d000-7f4d23d0e000 r--p 0000a000 08:05 5900237                    /usr/lib/jvm/java-11-openjdk-amd64/lib/libinstrument.so
7f4d23d0e000-7f4d23d0f000 rw-p 0000b000 08:05 5900237                    /usr/lib/jvm/java-11-openjdk-amd64/lib/libinstrument.so
7f4d23d0f000-7f4d23d11000 r--p 00000000 08:05 5900245                    /usr/lib/jvm/java-11-openjdk-amd64/lib/libjdwp.so
7f4d23d11000-7f4d23d3d000 r-xp 00002000 08:05 5900245                    /usr/lib/jvm/java-11-openjdk-amd64/lib/libjdwp.so
7f4d23d3d000-7f4d23d4b000 r--p 0002e000 08:05 5900245                    /usr/lib/jvm/java-11-openjdk-amd64/lib/libjdwp.so
7f4d23d4b000-7f4d23d4c000 r--p 0003b000 08:05 5900245                    /usr/lib/jvm/java-11-openjdk-amd64/lib/libjdwp.so
7f4d23d4c000-7f4d23d4d000 rw-p 0003c000 08:05 5900245                    /usr/lib/jvm/java-11-openjdk-amd64/lib/libjdwp.so
7f4d23d4d000-7f4d23d4e000 ---p 00000000 00:00 0 
7f4d23d4e000-7f4d23d4f000 r--p 00000000 00:00 0 
7f4d23d4f000-7f4d23d51000 r--p 00000000 08:05 5900246                    /usr/lib/jvm/java-11-openjdk-amd64/lib/libjimage.so
7f4d23d51000-7f4d23d54000 r-xp 00002000 08:05 5900246                    /usr/lib/jvm/java-11-openjdk-amd64/lib/libjimage.so
7f4d23d54000-7f4d23d55000 r--p 00005000 08:05 5900246                    /usr/lib/jvm/java-11-openjdk-amd64/lib/libjimage.so
7f4d23d55000-7f4d23d56000 ---p 00006000 08:05 5900246                    /usr/lib/jvm/java-11-openjdk-amd64/lib/libjimage.so
7f4d23d56000-7f4d23d57000 r--p 00006000 08:05 5900246                    /usr/lib/jvm/java-11-openjdk-amd64/lib/libjimage.so
7f4d23d57000-7f4d23d58000 rw-p 00007000 08:05 5900246                    /usr/lib/jvm/java-11-openjdk-amd64/lib/libjimage.so
7f4d23d58000-7f4d23d66000 r--p 00000000 08:05 5900242                    /usr/lib/jvm/java-11-openjdk-amd64/lib/libjava.so
7f4d23d66000-7f4d23d7c000 r-xp 0000e000 08:05 5900242                    /usr/lib/jvm/java-11-openjdk-amd64/lib/libjava.so
7f4d23d7c000-7f4d23d83000 r--p 00024000 08:05 5900242                    /usr/lib/jvm/java-11-openjdk-amd64/lib/libjava.so
7f4d23d83000-7f4d23d84000 r--p 0002a000 08:05 5900242                    /usr/lib/jvm/java-11-openjdk-amd64/lib/libjava.so
7f4d23d84000-7f4d23d85000 rw-p 0002b000 08:05 5900242                    /usr/lib/jvm/java-11-openjdk-amd64/lib/libjava.so
7f4d23d85000-7f4d23d86000 rw-p 00000000 00:00 0 
7f4d23d86000-7f4d23d89000 r--p 00000000 08:05 1709174                    /usr/lib/x86_64-linux-gnu/librt-2.31.so
7f4d23d89000-7f4d23d8d000 r-xp 00003000 08:05 1709174                    /usr/lib/x86_64-linux-gnu/librt-2.31.so
7f4d23d8d000-7f4d23d8e000 r--p 00007000 08:05 1709174                    /usr/lib/x86_64-linux-gnu/librt-2.31.so
7f4d23d8e000-7f4d23d8f000 ---p 00008000 08:05 1709174                    /usr/lib/x86_64-linux-gnu/librt-2.31.so
7f4d23d8f000-7f4d23d90000 r--p 00008000 08:05 1709174                    /usr/lib/x86_64-linux-gnu/librt-2.31.so
7f4d23d90000-7f4d23d91000 rw-p 00009000 08:05 1709174                    /usr/lib/x86_64-linux-gnu/librt-2.31.so
7f4d23d91000-7f4d23d95000 ---p 00000000 00:00 0 
7f4d23d95000-7f4d23e92000 rw-p 00000000 00:00 0 
7f4d23e92000-7f4d23e95000 r--p 00000000 08:05 1706112                    /usr/lib/x86_64-linux-gnu/libgcc_s.so.1
7f4d23e95000-7f4d23ea7000 r-xp 00003000 08:05 1706112                    /usr/lib/x86_64-linux-gnu/libgcc_s.so.1
7f4d23ea7000-7f4d23eab000 r--p 00015000 08:05 1706112                    /usr/lib/x86_64-linux-gnu/libgcc_s.so.1
7f4d23eab000-7f4d23eac000 r--p 00018000 08:05 1706112                    /usr/lib/x86_64-linux-gnu/libgcc_s.so.1
7f4d23eac000-7f4d23ead000 rw-p 00019000 08:05 1706112                    /usr/lib/x86_64-linux-gnu/libgcc_s.so.1
7f4d23ead000-7f4d23ebc000 r--p 00000000 08:05 1709161                    /usr/lib/x86_64-linux-gnu/libm-2.31.so
7f4d23ebc000-7f4d23f63000 r-xp 0000f000 08:05 1709161                    /usr/lib/x86_64-linux-gnu/libm-2.31.so
7f4d23f63000-7f4d23ffa000 r--p 000b6000 08:05 1709161                    /usr/lib/x86_64-linux-gnu/libm-2.31.so
7f4d23ffa000-7f4d23ffb000 r--p 0014c000 08:05 1709161                    /usr/lib/x86_64-linux-gnu/libm-2.31.so
7f4d23ffb000-7f4d23ffc000 rw-p 0014d000 08:05 1709161                    /usr/lib/x86_64-linux-gnu/libm-2.31.so
7f4d23ffc000-7f4d24092000 r--p 00000000 08:05 1706115                    /usr/lib/x86_64-linux-gnu/libstdc++.so.6.0.28
7f4d24092000-7f4d24182000 r-xp 00096000 08:05 1706115                    /usr/lib/x86_64-linux-gnu/libstdc++.so.6.0.28
7f4d24182000-7f4d241cb000 r--p 00186000 08:05 1706115                    /usr/lib/x86_64-linux-gnu/libstdc++.so.6.0.28
7f4d241cb000-7f4d241cc000 ---p 001cf000 08:05 1706115                    /usr/lib/x86_64-linux-gnu/libstdc++.so.6.0.28
7f4d241cc000-7f4d241d7000 r--p 001cf000 08:05 1706115                    /usr/lib/x86_64-linux-gnu/libstdc++.so.6.0.28
7f4d241d7000-7f4d241da000 rw-p 001da000 08:05 1706115                    /usr/lib/x86_64-linux-gnu/libstdc++.so.6.0.28
7f4d241da000-7f4d241dd000 rw-p 00000000 00:00 0 
7f4d241dd000-7f4d24456000 r--p 00000000 08:05 5900269                    /usr/lib/jvm/java-11-openjdk-amd64/lib/server/libjvm.so
7f4d24456000-7f4d250d7000 r-xp 00279000 08:05 5900269                    /usr/lib/jvm/java-11-openjdk-amd64/lib/server/libjvm.so
7f4d250d7000-7f4d2532d000 r--p 00efa000 08:05 5900269                    /usr/lib/jvm/java-11-openjdk-amd64/lib/server/libjvm.so
7f4d2532d000-7f4d2532e000 ---p 01150000 08:05 5900269                    /usr/lib/jvm/java-11-openjdk-amd64/lib/server/libjvm.so
7f4d2532e000-7f4d253ef000 r--p 01150000 08:05 5900269                    /usr/lib/jvm/java-11-openjdk-amd64/lib/server/libjvm.so
7f4d253ef000-7f4d2542a000 rw-p 01211000 08:05 5900269                    /usr/lib/jvm/java-11-openjdk-amd64/lib/server/libjvm.so
7f4d2542a000-7f4d25483000 rw-p 00000000 00:00 0 
7f4d25483000-7f4d2548a000 r--p 00000000 08:05 1709172                    /usr/lib/x86_64-linux-gnu/libpthread-2.31.so
7f4d2548a000-7f4d2549b000 r-xp 00007000 08:05 1709172                    /usr/lib/x86_64-linux-gnu/libpthread-2.31.so
7f4d2549b000-7f4d254a0000 r--p 00018000 08:05 1709172                    /usr/lib/x86_64-linux-gnu/libpthread-2.31.so
7f4d254a0000-7f4d254a1000 r--p 0001c000 08:05 1709172                    /usr/lib/x86_64-linux-gnu/libpthread-2.31.so
7f4d254a1000-7f4d254a2000 rw-p 0001d000 08:05 1709172                    /usr/lib/x86_64-linux-gnu/libpthread-2.31.so
7f4d254a2000-7f4d254a6000 rw-p 00000000 00:00 0 
7f4d254a6000-7f4d254a7000 r--p 00000000 08:05 1709160                    /usr/lib/x86_64-linux-gnu/libdl-2.31.so
7f4d254a7000-7f4d254a9000 r-xp 00001000 08:05 1709160                    /usr/lib/x86_64-linux-gnu/libdl-2.31.so
7f4d254a9000-7f4d254aa000 r--p 00003000 08:05 1709160                    /usr/lib/x86_64-linux-gnu/libdl-2.31.so
7f4d254aa000-7f4d254ab000 r--p 00003000 08:05 1709160                    /usr/lib/x86_64-linux-gnu/libdl-2.31.so
7f4d254ab000-7f4d254ac000 rw-p 00004000 08:05 1709160                    /usr/lib/x86_64-linux-gnu/libdl-2.31.so
7f4d254ac000-7f4d254ae000 r--p 00000000 08:05 1704130                    /usr/lib/x86_64-linux-gnu/libz.so.1.2.11
7f4d254ae000-7f4d254bf000 r-xp 00002000 08:05 1704130                    /usr/lib/x86_64-linux-gnu/libz.so.1.2.11
7f4d254bf000-7f4d254c5000 r--p 00013000 08:05 1704130                    /usr/lib/x86_64-linux-gnu/libz.so.1.2.11
7f4d254c5000-7f4d254c6000 ---p 00019000 08:05 1704130                    /usr/lib/x86_64-linux-gnu/libz.so.1.2.11
7f4d254c6000-7f4d254c7000 r--p 00019000 08:05 1704130                    /usr/lib/x86_64-linux-gnu/libz.so.1.2.11
7f4d254c7000-7f4d254c8000 rw-p 0001a000 08:05 1704130                    /usr/lib/x86_64-linux-gnu/libz.so.1.2.11
7f4d254c8000-7f4d254ed000 r--p 00000000 08:05 1709159                    /usr/lib/x86_64-linux-gnu/libc-2.31.so
7f4d254ed000-7f4d25665000 r-xp 00025000 08:05 1709159                    /usr/lib/x86_64-linux-gnu/libc-2.31.so
7f4d25665000-7f4d256af000 r--p 0019d000 08:05 1709159                    /usr/lib/x86_64-linux-gnu/libc-2.31.so
7f4d256af000-7f4d256b0000 ---p 001e7000 08:05 1709159                    /usr/lib/x86_64-linux-gnu/libc-2.31.so
7f4d256b0000-7f4d256b3000 r--p 001e7000 08:05 1709159                    /usr/lib/x86_64-linux-gnu/libc-2.31.so
7f4d256b3000-7f4d256b6000 rw-p 001ea000 08:05 1709159                    /usr/lib/x86_64-linux-gnu/libc-2.31.so
7f4d256b6000-7f4d256ba000 rw-p 00000000 00:00 0 
7f4d256bb000-7f4d256c0000 r--p 00000000 08:05 5900262                    /usr/lib/jvm/java-11-openjdk-amd64/lib/libverify.so
7f4d256c0000-7f4d256c7000 r-xp 00005000 08:05 5900262                    /usr/lib/jvm/java-11-openjdk-amd64/lib/libverify.so
7f4d256c7000-7f4d256c9000 r--p 0000c000 08:05 5900262                    /usr/lib/jvm/java-11-openjdk-amd64/lib/libverify.so
7f4d256c9000-7f4d256ca000 ---p 0000e000 08:05 5900262                    /usr/lib/jvm/java-11-openjdk-amd64/lib/libverify.so
7f4d256ca000-7f4d256cc000 r--p 0000e000 08:05 5900262                    /usr/lib/jvm/java-11-openjdk-amd64/lib/libverify.so
7f4d256cc000-7f4d256cd000 rw-p 00010000 08:05 5900262                    /usr/lib/jvm/java-11-openjdk-amd64/lib/libverify.so
7f4d256cd000-7f4d256d0000 r--p 00000000 08:05 5900226                    /usr/lib/jvm/java-11-openjdk-amd64/lib/jli/libjli.so
7f4d256d0000-7f4d256da000 r-xp 00003000 08:05 5900226                    /usr/lib/jvm/java-11-openjdk-amd64/lib/jli/libjli.so
7f4d256da000-7f4d256dd000 r--p 0000d000 08:05 5900226                    /usr/lib/jvm/java-11-openjdk-amd64/lib/jli/libjli.so
7f4d256dd000-7f4d256de000 ---p 00010000 08:05 5900226                    /usr/lib/jvm/java-11-openjdk-amd64/lib/jli/libjli.so
7f4d256de000-7f4d256df000 r--p 00010000 08:05 5900226                    /usr/lib/jvm/java-11-openjdk-amd64/lib/jli/libjli.so
7f4d256df000-7f4d256e0000 rw-p 00011000 08:05 5900226                    /usr/lib/jvm/java-11-openjdk-amd64/lib/jli/libjli.so
7f4d256e0000-7f4d256e2000 rw-p 00000000 00:00 0 
7f4d256e2000-7f4d256e3000 r--p 00000000 08:05 1709155                    /usr/lib/x86_64-linux-gnu/ld-2.31.so
7f4d256e3000-7f4d25706000 r-xp 00001000 08:05 1709155                    /usr/lib/x86_64-linux-gnu/ld-2.31.so
7f4d25706000-7f4d2570e000 r--p 00024000 08:05 1709155                    /usr/lib/x86_64-linux-gnu/ld-2.31.so
7f4d2570e000-7f4d2570f000 r--s 00000000 00:39 103                        /run/user/1003/dconf/user (deleted)
7f4d2570f000-7f4d25710000 r--p 0002c000 08:05 1709155                    /usr/lib/x86_64-linux-gnu/ld-2.31.so
7f4d25710000-7f4d25711000 rw-p 0002d000 08:05 1709155                    /usr/lib/x86_64-linux-gnu/ld-2.31.so
7f4d25711000-7f4d25712000 rw-p 00000000 00:00 0 
7ffe7277c000-7ffe7279d000 rw-p 00000000 00:00 0                          [stack]
7ffe727a9000-7ffe727ad000 r--p 00000000 00:00 0                          [vvar]
7ffe727ad000-7ffe727af000 r-xp 00000000 00:00 0                          [vdso]
ffffffffff600000-ffffffffff601000 --xp 00000000 00:00 0                  [vsyscall]


VM Arguments:
jvm_args: -agentlib:jdwp=transport=dt_socket,suspend=y,address=localhost:43537 -javaagent:/home/etudiant/.eclipse/360744286_linux_gtk_x86_64/configuration/org.eclipse.osgi/222/0/.cp/lib/javaagent-shaded.jar -Dfile.encoding=UTF-8 
java_command: test.TestGame
java_class_path (initial): /home/etudiant/git/Chess/XIangqi/bin
Launcher Type: SUN_STANDARD

[Global flags]
     intx CICompilerCount                          = 3                                         {product} {ergonomic}
     uint ConcGCThreads                            = 1                                         {product} {ergonomic}
     uint G1ConcRefinementThreads                  = 4                                         {product} {ergonomic}
   size_t G1HeapRegionSize                         = 1048576                                   {product} {ergonomic}
    uintx GCDrainStackTargetSize                   = 64                                        {product} {ergonomic}
   size_t InitialHeapSize                          = 62914560                                  {product} {ergonomic}
   size_t MarkStackSize                            = 4194304                                   {product} {ergonomic}
   size_t MaxHeapSize                              = 1002438656                                {product} {ergonomic}
   size_t MaxNewSize                               = 600834048                                 {product} {ergonomic}
   size_t MinHeapDeltaBytes                        = 1048576                                   {product} {ergonomic}
    uintx NonNMethodCodeHeapSize                   = 5830732                                {pd product} {ergonomic}
    uintx NonProfiledCodeHeapSize                  = 122913754                              {pd product} {ergonomic}
    uintx ProfiledCodeHeapSize                     = 122913754                              {pd product} {ergonomic}
    uintx ReservedCodeCacheSize                    = 251658240                              {pd product} {ergonomic}
     bool SegmentedCodeCache                       = true                                      {product} {ergonomic}
     bool UseCompressedClassPointers               = true                                 {lp64_product} {ergonomic}
     bool UseCompressedOops                        = true                                 {lp64_product} {ergonomic}
     bool UseG1GC                                  = true                                      {product} {ergonomic}

Logging:
Log output configuration:
 #0: stdout all=warning uptime,level,tags
 #1: stderr all=off uptime,level,tags

Environment Variables:
PATH=/usr/local/sbin:/usr/local/bin:/usr/sbin:/usr/bin:/sbin:/bin:/usr/games:/usr/local/games:/snap/bin
USERNAME=etudiant
SHELL=/bin/bash
DISPLAY=:0
LANG=fr_FR.UTF-8

Signal Handlers:
SIGSEGV: [libjvm.so+0xe85e00], sa_mask[0]=11111111011111111101111111111110, sa_flags=SA_RESTART|SA_SIGINFO
SIGBUS: [libjvm.so+0xe85e00], sa_mask[0]=11111111011111111101111111111110, sa_flags=SA_RESTART|SA_SIGINFO
SIGFPE: [libjvm.so+0xe85e00], sa_mask[0]=11111111011111111101111111111110, sa_flags=SA_RESTART|SA_SIGINFO
SIGPIPE: SIG_IGN, sa_mask[0]=00000000000010000000000000000000, sa_flags=SA_RESTART
SIGXFSZ: [libjvm.so+0xbcbc30], sa_mask[0]=11111111011111111101111111111110, sa_flags=SA_RESTART|SA_SIGINFO
SIGILL: [libjvm.so+0xe85e00], sa_mask[0]=11111111011111111101111111111110, sa_flags=SA_RESTART|SA_SIGINFO
SIGUSR2: [libjvm.so+0xbcbad0], sa_mask[0]=00100000000000000000000000000000, sa_flags=SA_RESTART|SA_SIGINFO
SIGHUP: [libjvm.so+0xbcbf70], sa_mask[0]=11111111011111111101111111111110, sa_flags=SA_RESTART|SA_SIGINFO
SIGINT: [libjvm.so+0xbcbf70], sa_mask[0]=11111111011111111101111111111110, sa_flags=SA_RESTART|SA_SIGINFO
SIGTERM: [libjvm.so+0xbcbf70], sa_mask[0]=11111111011111111101111111111110, sa_flags=SA_RESTART|SA_SIGINFO
SIGQUIT: [libjvm.so+0xbcbf70], sa_mask[0]=11111111011111111101111111111110, sa_flags=SA_RESTART|SA_SIGINFO


---------------  S Y S T E M  ---------------

OS:DISTRIB_ID=Ubuntu
DISTRIB_RELEASE=20.04
DISTRIB_CODENAME=focal
DISTRIB_DESCRIPTION="Ubuntu 20.04.2 LTS"
uname:Linux 5.8.0-50-generic #56~20.04.1-Ubuntu SMP Mon Apr 12 21:46:35 UTC 2021 x86_64
OS uptime: 0 days 17:17 hours
libc:glibc 2.31 NPTL 2.31 
rlimit (soft/hard): STACK 8192k/infinity , CORE 0k/infinity , NPROC 15033/15033 , NOFILE 1048576/1048576 , AS infinity/infinity , CPU infinity/infinity , DATA infinity/infinity , FSIZE infinity/infinity , MEMLOCK 65536k/65536k
load average:1,18 0,93 0,86

/proc/meminfo:
MemTotal:        3907760 kB
MemFree:          112432 kB
MemAvailable:     233984 kB
Buffers:           10200 kB
Cached:           695920 kB
SwapCached:        28924 kB
Active:          2811488 kB
Inactive:         633832 kB
Active(anon):    2629580 kB
Inactive(anon):   521808 kB
Active(file):     181908 kB
Inactive(file):   112024 kB
Unevictable:       36168 kB
Mlocked:              96 kB
SwapTotal:       2097148 kB
SwapFree:         328360 kB
Dirty:               696 kB
Writeback:             0 kB
AnonPages:       2746272 kB
Mapped:           252244 kB
Shmem:            412168 kB
KReclaimable:      62328 kB
Slab:             200016 kB
SReclaimable:      62328 kB
SUnreclaim:       137688 kB
KernelStack:       20648 kB
PageTables:        38720 kB
NFS_Unstable:          0 kB
Bounce:                0 kB
WritebackTmp:          0 kB
CommitLimit:     4051028 kB
Committed_AS:   11449016 kB
VmallocTotal:   34359738367 kB
VmallocUsed:       42068 kB
VmallocChunk:          0 kB
Percpu:             3120 kB
HardwareCorrupted:     0 kB
AnonHugePages:         0 kB
ShmemHugePages:        0 kB
ShmemPmdMapped:        0 kB
FileHugePages:         0 kB
FilePmdMapped:         0 kB
HugePages_Total:       0
HugePages_Free:        0
HugePages_Rsvd:        0
HugePages_Surp:        0
Hugepagesize:       2048 kB
Hugetlb:               0 kB
DirectMap4k:      273392 kB
DirectMap2M:     3799040 kB
DirectMap1G:           0 kB

/sys/kernel/mm/transparent_hugepage/enabled:
always [madvise] never
/sys/kernel/mm/transparent_hugepage/defrag (defrag/compaction efforts parameter):
always defer defer+madvise [madvise] never

/proc/sys/kernel/threads-max (system-wide limit on the number of threads):
30067
/proc/sys/vm/max_map_count (maximum number of memory map areas a process may have):
65530
/proc/sys/kernel/pid_max (system-wide limit on number of process identifiers):
4194304

container (cgroup) information:
container_type: cgroupv1
cpu_cpuset_cpus: 0-3
cpu_memory_nodes: 0
active_processor_count: 4
cpu_quota: -1
cpu_period: 100000
cpu_shares: -1
memory_limit_in_bytes: -1
memory_and_swap_limit_in_bytes: -1
memory_soft_limit_in_bytes: -1
memory_usage_in_bytes: 3488063488
memory_max_usage_in_bytes: 3567763456

Steal ticks since vm start: 0
Steal ticks percentage since vm start:  0,000

CPU:total 4 (initial active 4) (2 cores per cpu, 2 threads per core) family 6 model 78 stepping 3 microcode 0xe2, cmov, cx8, fxsr, mmx, sse, sse2, sse3, ssse3, sse4.1, sse4.2, popcnt, avx, avx2, aes, clmul, erms, rtm, 3dnowpref, lzcnt, ht, tsc, tscinvbit, bmi1, bmi2, adx, fma
CPU Model and flags from /proc/cpuinfo:
model name	: Intel(R) Core(TM) i3-6100U CPU @ 2.30GHz
flags		: fpu vme de pse tsc msr pae mce cx8 apic sep mtrr pge mca cmov pat pse36 clflush dts acpi mmx fxsr sse sse2 ss ht tm pbe syscall nx pdpe1gb rdtscp lm constant_tsc art arch_perfmon pebs bts rep_good nopl xtopology nonstop_tsc cpuid aperfmperf pni pclmulqdq dtes64 monitor ds_cpl vmx est tm2 ssse3 sdbg fma cx16 xtpr pdcm pcid sse4_1 sse4_2 x2apic movbe popcnt tsc_deadline_timer aes xsave avx f16c rdrand lahf_lm abm 3dnowprefetch cpuid_fault epb invpcid_single pti ssbd ibrs ibpb stibp tpr_shadow vnmi flexpriority ept vpid ept_ad fsgsbase tsc_adjust bmi1 hle avx2 smep bmi2 erms invpcid rtm mpx rdseed adx smap clflushopt intel_pt xsaveopt xsavec xgetbv1 xsaves dtherm ida arat pln pts hwp hwp_notify hwp_act_window hwp_epp md_clear flush_l1d
Online cpus:
0-3
Offline cpus:

BIOS frequency limitation:
<Not Available>
Frequency switch latency (ns):
0
Available cpu frequencies:
<Not Available>
Current governor:
powersave
Core performance/turbo boost:
<Not Available>

Memory: 4k page, physical 3907760k(112432k free), swap 2097148k(328360k free)

vm_info: OpenJDK 64-Bit Server VM (11.0.10+9-Ubuntu-0ubuntu1.20.04) for linux-amd64 JRE (11.0.10+9-Ubuntu-0ubuntu1.20.04), built on Jan 20 2021 02:32:18 by "unknown" with gcc 9.3.0

END.
